Useless nonterminals

   bloc
   list
   statement
   lista_apel


Terminals which are not used

   BEGIN_PR
   END_PR
   WHILE
   FOR
   EVAL
   TYPEOF
   PRINT


Useless rules

   75 bloc: BEGIN_PR END_PR

   76 list: statement
   77     | list statement

   78 statement: declaratii_comune
   79          | ID '(' lista_apel ')' ';'
   80          | if_statement

   81 lista_apel: NUMBER
   82           | lista_apel ',' NUMBER


State 0 conflicts: 4 shift/reduce
State 19 conflicts: 3 shift/reduce
State 62 conflicts: 1 shift/reduce


Grammar

    0 $accept: progr $end

    1 progr: declaratii

    2 declaratii: declaratii declaratie
    3           | declaratie
    4           | /* empty */

    5 leftbracket: LEFTBRACKET

    6 rightbracket: RIGHTBRACKET

    7 declaratie: declaratii_comune

    8 @1: /* empty */

    9 declaratie: TYPE ID @1 '(' lista_parametri ')' leftbracket declaratii_functii rightbracket
   10           | CLASS ID leftbracket declaratii_clasa rightbracket

   11 declaratii_comune: TYPE ID ';'
   12                  | TYPE ID ASSIGN expresii ';'
   13                  | TYPE '[' NUMBER ']' ID ';'
   14                  | TYPE '[' NUMBER ']' ID ASSIGN ID ';'
   15                  | ID ASSIGN expresii ';'
   16                  | ID '[' NUMBER ']' ASSIGN expresii ';'
   17                  | CONSTANT TYPE ID ASSIGN expresii ';'
   18                  | CONSTANT TYPE ID ASSIGN ID ';'

   19 expresii: expresii MULTIPLICATION expresii
   20         | expresii DIVISION expresii
   21         | expresii AND expresii
   22         | expresii OR expresii
   23         | expresii LESSTHAN expresii
   24         | expresii LESSOREQUALTHAN expresii
   25         | expresii GREATERTHAN expresii
   26         | expresii GREATEROREQUALTHAN expresii
   27         | expresii EQUAL expresii
   28         | NEGATION expresii
   29         | expresii PLUS expresii
   30         | expresii MINUS expresii
   31         | '(' expresii ')'
   32         | MINUS expresii
   33         | NUMBER
   34         | FLOAT
   35         | CHAR
   36         | STRING
   37         | BOOLEANVALUE
   38         | ID '(' lista_argumente ')'
   39         | ID '.' ID '(' lista_argumente ')'
   40         | ID '[' NUMBER ']'
   41         | ID '.' ID
   42         | ID

   43 declaratii_functii: declaratii_functii declaratie_functie
   44                   | declaratie_functie

   45 declaratie_functie: declaratii_comune
   46                   | if_statement

   47 lista_parametri: /* empty */
   48                | parametru
   49                | lista_parametri ',' parametru

   50 parametru: TYPE ID

   51 declaratii_clasa: /* empty */
   52                 | declaratii_clasa declaratie_clasa
   53                 | declaratie_clasa

   54 declaratie_clasa: declaratii_comune
   55                 | TYPE ID '(' lista_argumente ')' ';'

   56 lista_argumente: /* empty */
   57                | lista_argumente ',' arg
   58                | arg

   59 arg: ID
   60    | NUMBER
   61    | FLOAT
   62    | BOOLEANVALUE
   63    | STRING
   64    | CHAR
   65    | ID '(' lista_argumente ')'
   66    | ID '.' ID '(' lista_argumente ')'
   67    | ID '[' NUMBER ']'
   68    | ID '.' ID

   69 if_statement: IF '(' expresii ')' leftbracket declaratii_if rightbracket
   70             | IF '(' expresii ')' leftbracket declaratii_if rightbracket ELSE leftbracket declaratii_if rightbracket

   71 declaratii_if: declaratii_if declaratie_if
   72              | declaratie_if

   73 declaratie_if: declaratii_comune
   74              | if_statement


Terminals, with rules where they appear

$end (0) 0
'(' (40) 9 31 38 39 55 65 66 69 70
')' (41) 9 31 38 39 55 65 66 69 70
',' (44) 49 57
'.' (46) 39 41 66 68
';' (59) 11 12 13 14 15 16 17 18 55
'[' (91) 13 14 16 40 67
']' (93) 13 14 16 40 67
error (256)
BEGIN_PR (258)
END_PR (259)
CONSTANT (260) 17 18
IF (261) 69 70
ELSE (262) 70
WHILE (263)
FOR (264)
CLASS (265) 10
LESSTHAN (266) 23
LESSOREQUALTHAN (267) 24
GREATERTHAN (268) 25
EQUAL (269) 27
GREATEROREQUALTHAN (270) 26
AND (271) 21
OR (272) 22
NEGATION (273) 28
PLUS (274) 29
MINUS (275) 30 32
MULTIPLICATION (276) 19
DIVISION (277) 20
ASSIGN (278) 12 14 15 16 17 18
LEFTBRACKET (279) 5
RIGHTBRACKET (280) 6
EVAL (281)
TYPEOF (282)
PRINT (283)
TYPE (284) 9 11 12 13 14 17 18 50 55
NUMBER (285) 13 14 16 33 40 60 67
BOOLEANVALUE (286) 37 62
FLOAT (287) 34 61
CHAR (288) 35 64
STRING (289) 36 63
ID (290) 9 10 11 12 13 14 15 16 17 18 38 39 40 41 42 50 55 59 65 66
    67 68


Nonterminals, with rules where they appear

$accept (43)
    on left: 0
progr (44)
    on left: 1, on right: 0
declaratii (45)
    on left: 2 3 4, on right: 1 2
leftbracket (46)
    on left: 5, on right: 9 10 69 70
rightbracket (47)
    on left: 6, on right: 9 10 69 70
declaratie (48)
    on left: 7 9 10, on right: 2 3
@1 (49)
    on left: 8, on right: 9
declaratii_comune (50)
    on left: 11 12 13 14 15 16 17 18, on right: 7 45 54 73
expresii (51)
    on left: 19 20 21 22 23 24 25 26 27 28 29 30 31 32 33 34 35 36
    37 38 39 40 41 42, on right: 12 15 16 17 19 20 21 22 23 24 25 26
    27 28 29 30 31 32 69 70
declaratii_functii (52)
    on left: 43 44, on right: 9 43
declaratie_functie (53)
    on left: 45 46, on right: 43 44
lista_parametri (54)
    on left: 47 48 49, on right: 9 49
parametru (55)
    on left: 50, on right: 48 49
declaratii_clasa (56)
    on left: 51 52 53, on right: 10 52
declaratie_clasa (57)
    on left: 54 55, on right: 52 53
lista_argumente (58)
    on left: 56 57 58, on right: 38 39 55 57 65 66
arg (59)
    on left: 59 60 61 62 63 64 65 66 67 68, on right: 57 58
if_statement (60)
    on left: 69 70, on right: 46 74
declaratii_if (61)
    on left: 71 72, on right: 69 70 71
declaratie_if (62)
    on left: 73 74, on right: 71 72


state 0

    0 $accept: . progr $end
    1 progr: . declaratii
    2 declaratii: . declaratii declaratie
    3           | . declaratie
    4           | .  [$end, CONSTANT, CLASS, TYPE, ID]
    7 declaratie: . declaratii_comune
    9           | . TYPE ID @1 '(' lista_parametri ')' leftbracket declaratii_functii rightbracket
   10           | . CLASS ID leftbracket declaratii_clasa rightbracket
   11 declaratii_comune: . TYPE ID ';'
   12                  | . TYPE ID ASSIGN expresii ';'
   13                  | . TYPE '[' NUMBER ']' ID ';'
   14                  | . TYPE '[' NUMBER ']' ID ASSIGN ID ';'
   15                  | . ID ASSIGN expresii ';'
   16                  | . ID '[' NUMBER ']' ASSIGN expresii ';'
   17                  | . CONSTANT TYPE ID ASSIGN expresii ';'
   18                  | . CONSTANT TYPE ID ASSIGN ID ';'

    CONSTANT  shift, and go to state 1
    CLASS     shift, and go to state 2
    TYPE      shift, and go to state 3
    ID        shift, and go to state 4

    CONSTANT  [reduce using rule 4 (declaratii)]
    CLASS     [reduce using rule 4 (declaratii)]
    TYPE      [reduce using rule 4 (declaratii)]
    ID        [reduce using rule 4 (declaratii)]
    $default  reduce using rule 4 (declaratii)

    progr              go to state 5
    declaratii         go to state 6
    declaratie         go to state 7
    declaratii_comune  go to state 8


state 1

   17 declaratii_comune: CONSTANT . TYPE ID ASSIGN expresii ';'
   18                  | CONSTANT . TYPE ID ASSIGN ID ';'

    TYPE  shift, and go to state 9


state 2

   10 declaratie: CLASS . ID leftbracket declaratii_clasa rightbracket

    ID  shift, and go to state 10


state 3

    9 declaratie: TYPE . ID @1 '(' lista_parametri ')' leftbracket declaratii_functii rightbracket
   11 declaratii_comune: TYPE . ID ';'
   12                  | TYPE . ID ASSIGN expresii ';'
   13                  | TYPE . '[' NUMBER ']' ID ';'
   14                  | TYPE . '[' NUMBER ']' ID ASSIGN ID ';'

    ID   shift, and go to state 11
    '['  shift, and go to state 12


state 4

   15 declaratii_comune: ID . ASSIGN expresii ';'
   16                  | ID . '[' NUMBER ']' ASSIGN expresii ';'

    ASSIGN  shift, and go to state 13
    '['     shift, and go to state 14


state 5

    0 $accept: progr . $end

    $end  shift, and go to state 15


state 6

    1 progr: declaratii .  [$end]
    2 declaratii: declaratii . declaratie
    7 declaratie: . declaratii_comune
    9           | . TYPE ID @1 '(' lista_parametri ')' leftbracket declaratii_functii rightbracket
   10           | . CLASS ID leftbracket declaratii_clasa rightbracket
   11 declaratii_comune: . TYPE ID ';'
   12                  | . TYPE ID ASSIGN expresii ';'
   13                  | . TYPE '[' NUMBER ']' ID ';'
   14                  | . TYPE '[' NUMBER ']' ID ASSIGN ID ';'
   15                  | . ID ASSIGN expresii ';'
   16                  | . ID '[' NUMBER ']' ASSIGN expresii ';'
   17                  | . CONSTANT TYPE ID ASSIGN expresii ';'
   18                  | . CONSTANT TYPE ID ASSIGN ID ';'

    CONSTANT  shift, and go to state 1
    CLASS     shift, and go to state 2
    TYPE      shift, and go to state 3
    ID        shift, and go to state 4

    $default  reduce using rule 1 (progr)

    declaratie         go to state 16
    declaratii_comune  go to state 8


state 7

    3 declaratii: declaratie .

    $default  reduce using rule 3 (declaratii)


state 8

    7 declaratie: declaratii_comune .

    $default  reduce using rule 7 (declaratie)


state 9

   17 declaratii_comune: CONSTANT TYPE . ID ASSIGN expresii ';'
   18                  | CONSTANT TYPE . ID ASSIGN ID ';'

    ID  shift, and go to state 17


state 10

    5 leftbracket: . LEFTBRACKET
   10 declaratie: CLASS ID . leftbracket declaratii_clasa rightbracket

    LEFTBRACKET  shift, and go to state 18

    leftbracket  go to state 19


state 11

    8 @1: .  ['(']
    9 declaratie: TYPE ID . @1 '(' lista_parametri ')' leftbracket declaratii_functii rightbracket
   11 declaratii_comune: TYPE ID . ';'
   12                  | TYPE ID . ASSIGN expresii ';'

    ASSIGN  shift, and go to state 20
    ';'     shift, and go to state 21

    $default  reduce using rule 8 (@1)

    @1  go to state 22


state 12

   13 declaratii_comune: TYPE '[' . NUMBER ']' ID ';'
   14                  | TYPE '[' . NUMBER ']' ID ASSIGN ID ';'

    NUMBER  shift, and go to state 23


state 13

   15 declaratii_comune: ID ASSIGN . expresii ';'
   19 expresii: . expresii MULTIPLICATION expresii
   20         | . expresii DIVISION expresii
   21         | . expresii AND expresii
   22         | . expresii OR expresii
   23         | . expresii LESSTHAN expresii
   24         | . expresii LESSOREQUALTHAN expresii
   25         | . expresii GREATERTHAN expresii
   26         | . expresii GREATEROREQUALTHAN expresii
   27         | . expresii EQUAL expresii
   28         | . NEGATION expresii
   29         | . expresii PLUS expresii
   30         | . expresii MINUS expresii
   31         | . '(' expresii ')'
   32         | . MINUS expresii
   33         | . NUMBER
   34         | . FLOAT
   35         | . CHAR
   36         | . STRING
   37         | . BOOLEANVALUE
   38         | . ID '(' lista_argumente ')'
   39         | . ID '.' ID '(' lista_argumente ')'
   40         | . ID '[' NUMBER ']'
   41         | . ID '.' ID
   42         | . ID

    NEGATION      shift, and go to state 24
    MINUS         shift, and go to state 25
    NUMBER        shift, and go to state 26
    BOOLEANVALUE  shift, and go to state 27
    FLOAT         shift, and go to state 28
    CHAR          shift, and go to state 29
    STRING        shift, and go to state 30
    ID            shift, and go to state 31
    '('           shift, and go to state 32

    expresii  go to state 33


state 14

   16 declaratii_comune: ID '[' . NUMBER ']' ASSIGN expresii ';'

    NUMBER  shift, and go to state 34


state 15

    0 $accept: progr $end .

    $default  accept


state 16

    2 declaratii: declaratii declaratie .

    $default  reduce using rule 2 (declaratii)


state 17

   17 declaratii_comune: CONSTANT TYPE ID . ASSIGN expresii ';'
   18                  | CONSTANT TYPE ID . ASSIGN ID ';'

    ASSIGN  shift, and go to state 35


state 18

    5 leftbracket: LEFTBRACKET .

    $default  reduce using rule 5 (leftbracket)


state 19

   10 declaratie: CLASS ID leftbracket . declaratii_clasa rightbracket
   11 declaratii_comune: . TYPE ID ';'
   12                  | . TYPE ID ASSIGN expresii ';'
   13                  | . TYPE '[' NUMBER ']' ID ';'
   14                  | . TYPE '[' NUMBER ']' ID ASSIGN ID ';'
   15                  | . ID ASSIGN expresii ';'
   16                  | . ID '[' NUMBER ']' ASSIGN expresii ';'
   17                  | . CONSTANT TYPE ID ASSIGN expresii ';'
   18                  | . CONSTANT TYPE ID ASSIGN ID ';'
   51 declaratii_clasa: .  [CONSTANT, RIGHTBRACKET, TYPE, ID]
   52                 | . declaratii_clasa declaratie_clasa
   53                 | . declaratie_clasa
   54 declaratie_clasa: . declaratii_comune
   55                 | . TYPE ID '(' lista_argumente ')' ';'

    CONSTANT  shift, and go to state 1
    TYPE      shift, and go to state 36
    ID        shift, and go to state 4

    CONSTANT  [reduce using rule 51 (declaratii_clasa)]
    TYPE      [reduce using rule 51 (declaratii_clasa)]
    ID        [reduce using rule 51 (declaratii_clasa)]
    $default  reduce using rule 51 (declaratii_clasa)

    declaratii_comune  go to state 37
    declaratii_clasa   go to state 38
    declaratie_clasa   go to state 39


state 20

   12 declaratii_comune: TYPE ID ASSIGN . expresii ';'
   19 expresii: . expresii MULTIPLICATION expresii
   20         | . expresii DIVISION expresii
   21         | . expresii AND expresii
   22         | . expresii OR expresii
   23         | . expresii LESSTHAN expresii
   24         | . expresii LESSOREQUALTHAN expresii
   25         | . expresii GREATERTHAN expresii
   26         | . expresii GREATEROREQUALTHAN expresii
   27         | . expresii EQUAL expresii
   28         | . NEGATION expresii
   29         | . expresii PLUS expresii
   30         | . expresii MINUS expresii
   31         | . '(' expresii ')'
   32         | . MINUS expresii
   33         | . NUMBER
   34         | . FLOAT
   35         | . CHAR
   36         | . STRING
   37         | . BOOLEANVALUE
   38         | . ID '(' lista_argumente ')'
   39         | . ID '.' ID '(' lista_argumente ')'
   40         | . ID '[' NUMBER ']'
   41         | . ID '.' ID
   42         | . ID

    NEGATION      shift, and go to state 24
    MINUS         shift, and go to state 25
    NUMBER        shift, and go to state 26
    BOOLEANVALUE  shift, and go to state 27
    FLOAT         shift, and go to state 28
    CHAR          shift, and go to state 29
    STRING        shift, and go to state 30
    ID            shift, and go to state 31
    '('           shift, and go to state 32

    expresii  go to state 40


state 21

   11 declaratii_comune: TYPE ID ';' .

    $default  reduce using rule 11 (declaratii_comune)


state 22

    9 declaratie: TYPE ID @1 . '(' lista_parametri ')' leftbracket declaratii_functii rightbracket

    '('  shift, and go to state 41


state 23

   13 declaratii_comune: TYPE '[' NUMBER . ']' ID ';'
   14                  | TYPE '[' NUMBER . ']' ID ASSIGN ID ';'

    ']'  shift, and go to state 42


state 24

   19 expresii: . expresii MULTIPLICATION expresii
   20         | . expresii DIVISION expresii
   21         | . expresii AND expresii
   22         | . expresii OR expresii
   23         | . expresii LESSTHAN expresii
   24         | . expresii LESSOREQUALTHAN expresii
   25         | . expresii GREATERTHAN expresii
   26         | . expresii GREATEROREQUALTHAN expresii
   27         | . expresii EQUAL expresii
   28         | . NEGATION expresii
   28         | NEGATION . expresii
   29         | . expresii PLUS expresii
   30         | . expresii MINUS expresii
   31         | . '(' expresii ')'
   32         | . MINUS expresii
   33         | . NUMBER
   34         | . FLOAT
   35         | . CHAR
   36         | . STRING
   37         | . BOOLEANVALUE
   38         | . ID '(' lista_argumente ')'
   39         | . ID '.' ID '(' lista_argumente ')'
   40         | . ID '[' NUMBER ']'
   41         | . ID '.' ID
   42         | . ID

    NEGATION      shift, and go to state 24
    MINUS         shift, and go to state 25
    NUMBER        shift, and go to state 26
    BOOLEANVALUE  shift, and go to state 27
    FLOAT         shift, and go to state 28
    CHAR          shift, and go to state 29
    STRING        shift, and go to state 30
    ID            shift, and go to state 31
    '('           shift, and go to state 32

    expresii  go to state 43


state 25

   19 expresii: . expresii MULTIPLICATION expresii
   20         | . expresii DIVISION expresii
   21         | . expresii AND expresii
   22         | . expresii OR expresii
   23         | . expresii LESSTHAN expresii
   24         | . expresii LESSOREQUALTHAN expresii
   25         | . expresii GREATERTHAN expresii
   26         | . expresii GREATEROREQUALTHAN expresii
   27         | . expresii EQUAL expresii
   28         | . NEGATION expresii
   29         | . expresii PLUS expresii
   30         | . expresii MINUS expresii
   31         | . '(' expresii ')'
   32         | . MINUS expresii
   32         | MINUS . expresii
   33         | . NUMBER
   34         | . FLOAT
   35         | . CHAR
   36         | . STRING
   37         | . BOOLEANVALUE
   38         | . ID '(' lista_argumente ')'
   39         | . ID '.' ID '(' lista_argumente ')'
   40         | . ID '[' NUMBER ']'
   41         | . ID '.' ID
   42         | . ID

    NEGATION      shift, and go to state 24
    MINUS         shift, and go to state 25
    NUMBER        shift, and go to state 26
    BOOLEANVALUE  shift, and go to state 27
    FLOAT         shift, and go to state 28
    CHAR          shift, and go to state 29
    STRING        shift, and go to state 30
    ID            shift, and go to state 31
    '('           shift, and go to state 32

    expresii  go to state 44


state 26

   33 expresii: NUMBER .

    $default  reduce using rule 33 (expresii)


state 27

   37 expresii: BOOLEANVALUE .

    $default  reduce using rule 37 (expresii)


state 28

   34 expresii: FLOAT .

    $default  reduce using rule 34 (expresii)


state 29

   35 expresii: CHAR .

    $default  reduce using rule 35 (expresii)


state 30

   36 expresii: STRING .

    $default  reduce using rule 36 (expresii)


state 31

   38 expresii: ID . '(' lista_argumente ')'
   39         | ID . '.' ID '(' lista_argumente ')'
   40         | ID . '[' NUMBER ']'
   41         | ID . '.' ID
   42         | ID .  [LESSTHAN, LESSOREQUALTHAN, GREATERTHAN, EQUAL, GREATEROREQUALTHAN, AND, OR, PLUS, MINUS, MULTIPLICATION, DIVISION, ')', ';']

    '('  shift, and go to state 45
    '['  shift, and go to state 46
    '.'  shift, and go to state 47

    $default  reduce using rule 42 (expresii)


state 32

   19 expresii: . expresii MULTIPLICATION expresii
   20         | . expresii DIVISION expresii
   21         | . expresii AND expresii
   22         | . expresii OR expresii
   23         | . expresii LESSTHAN expresii
   24         | . expresii LESSOREQUALTHAN expresii
   25         | . expresii GREATERTHAN expresii
   26         | . expresii GREATEROREQUALTHAN expresii
   27         | . expresii EQUAL expresii
   28         | . NEGATION expresii
   29         | . expresii PLUS expresii
   30         | . expresii MINUS expresii
   31         | . '(' expresii ')'
   31         | '(' . expresii ')'
   32         | . MINUS expresii
   33         | . NUMBER
   34         | . FLOAT
   35         | . CHAR
   36         | . STRING
   37         | . BOOLEANVALUE
   38         | . ID '(' lista_argumente ')'
   39         | . ID '.' ID '(' lista_argumente ')'
   40         | . ID '[' NUMBER ']'
   41         | . ID '.' ID
   42         | . ID

    NEGATION      shift, and go to state 24
    MINUS         shift, and go to state 25
    NUMBER        shift, and go to state 26
    BOOLEANVALUE  shift, and go to state 27
    FLOAT         shift, and go to state 28
    CHAR          shift, and go to state 29
    STRING        shift, and go to state 30
    ID            shift, and go to state 31
    '('           shift, and go to state 32

    expresii  go to state 48


state 33

   15 declaratii_comune: ID ASSIGN expresii . ';'
   19 expresii: expresii . MULTIPLICATION expresii
   20         | expresii . DIVISION expresii
   21         | expresii . AND expresii
   22         | expresii . OR expresii
   23         | expresii . LESSTHAN expresii
   24         | expresii . LESSOREQUALTHAN expresii
   25         | expresii . GREATERTHAN expresii
   26         | expresii . GREATEROREQUALTHAN expresii
   27         | expresii . EQUAL expresii
   29         | expresii . PLUS expresii
   30         | expresii . MINUS expresii

    LESSTHAN            shift, and go to state 49
    LESSOREQUALTHAN     shift, and go to state 50
    GREATERTHAN         shift, and go to state 51
    EQUAL               shift, and go to state 52
    GREATEROREQUALTHAN  shift, and go to state 53
    AND                 shift, and go to state 54
    OR                  shift, and go to state 55
    PLUS                shift, and go to state 56
    MINUS               shift, and go to state 57
    MULTIPLICATION      shift, and go to state 58
    DIVISION            shift, and go to state 59
    ';'                 shift, and go to state 60


state 34

   16 declaratii_comune: ID '[' NUMBER . ']' ASSIGN expresii ';'

    ']'  shift, and go to state 61


state 35

   17 declaratii_comune: CONSTANT TYPE ID ASSIGN . expresii ';'
   18                  | CONSTANT TYPE ID ASSIGN . ID ';'
   19 expresii: . expresii MULTIPLICATION expresii
   20         | . expresii DIVISION expresii
   21         | . expresii AND expresii
   22         | . expresii OR expresii
   23         | . expresii LESSTHAN expresii
   24         | . expresii LESSOREQUALTHAN expresii
   25         | . expresii GREATERTHAN expresii
   26         | . expresii GREATEROREQUALTHAN expresii
   27         | . expresii EQUAL expresii
   28         | . NEGATION expresii
   29         | . expresii PLUS expresii
   30         | . expresii MINUS expresii
   31         | . '(' expresii ')'
   32         | . MINUS expresii
   33         | . NUMBER
   34         | . FLOAT
   35         | . CHAR
   36         | . STRING
   37         | . BOOLEANVALUE
   38         | . ID '(' lista_argumente ')'
   39         | . ID '.' ID '(' lista_argumente ')'
   40         | . ID '[' NUMBER ']'
   41         | . ID '.' ID
   42         | . ID

    NEGATION      shift, and go to state 24
    MINUS         shift, and go to state 25
    NUMBER        shift, and go to state 26
    BOOLEANVALUE  shift, and go to state 27
    FLOAT         shift, and go to state 28
    CHAR          shift, and go to state 29
    STRING        shift, and go to state 30
    ID            shift, and go to state 62
    '('           shift, and go to state 32

    expresii  go to state 63


state 36

   11 declaratii_comune: TYPE . ID ';'
   12                  | TYPE . ID ASSIGN expresii ';'
   13                  | TYPE . '[' NUMBER ']' ID ';'
   14                  | TYPE . '[' NUMBER ']' ID ASSIGN ID ';'
   55 declaratie_clasa: TYPE . ID '(' lista_argumente ')' ';'

    ID   shift, and go to state 64
    '['  shift, and go to state 12


state 37

   54 declaratie_clasa: declaratii_comune .

    $default  reduce using rule 54 (declaratie_clasa)


state 38

    6 rightbracket: . RIGHTBRACKET
   10 declaratie: CLASS ID leftbracket declaratii_clasa . rightbracket
   11 declaratii_comune: . TYPE ID ';'
   12                  | . TYPE ID ASSIGN expresii ';'
   13                  | . TYPE '[' NUMBER ']' ID ';'
   14                  | . TYPE '[' NUMBER ']' ID ASSIGN ID ';'
   15                  | . ID ASSIGN expresii ';'
   16                  | . ID '[' NUMBER ']' ASSIGN expresii ';'
   17                  | . CONSTANT TYPE ID ASSIGN expresii ';'
   18                  | . CONSTANT TYPE ID ASSIGN ID ';'
   52 declaratii_clasa: declaratii_clasa . declaratie_clasa
   54 declaratie_clasa: . declaratii_comune
   55                 | . TYPE ID '(' lista_argumente ')' ';'

    CONSTANT      shift, and go to state 1
    RIGHTBRACKET  shift, and go to state 65
    TYPE          shift, and go to state 36
    ID            shift, and go to state 4

    rightbracket       go to state 66
    declaratii_comune  go to state 37
    declaratie_clasa   go to state 67


state 39

   53 declaratii_clasa: declaratie_clasa .

    $default  reduce using rule 53 (declaratii_clasa)


state 40

   12 declaratii_comune: TYPE ID ASSIGN expresii . ';'
   19 expresii: expresii . MULTIPLICATION expresii
   20         | expresii . DIVISION expresii
   21         | expresii . AND expresii
   22         | expresii . OR expresii
   23         | expresii . LESSTHAN expresii
   24         | expresii . LESSOREQUALTHAN expresii
   25         | expresii . GREATERTHAN expresii
   26         | expresii . GREATEROREQUALTHAN expresii
   27         | expresii . EQUAL expresii
   29         | expresii . PLUS expresii
   30         | expresii . MINUS expresii

    LESSTHAN            shift, and go to state 49
    LESSOREQUALTHAN     shift, and go to state 50
    GREATERTHAN         shift, and go to state 51
    EQUAL               shift, and go to state 52
    GREATEROREQUALTHAN  shift, and go to state 53
    AND                 shift, and go to state 54
    OR                  shift, and go to state 55
    PLUS                shift, and go to state 56
    MINUS               shift, and go to state 57
    MULTIPLICATION      shift, and go to state 58
    DIVISION            shift, and go to state 59
    ';'                 shift, and go to state 68


state 41

    9 declaratie: TYPE ID @1 '(' . lista_parametri ')' leftbracket declaratii_functii rightbracket
   47 lista_parametri: .  [')', ',']
   48                | . parametru
   49                | . lista_parametri ',' parametru
   50 parametru: . TYPE ID

    TYPE  shift, and go to state 69

    $default  reduce using rule 47 (lista_parametri)

    lista_parametri  go to state 70
    parametru        go to state 71


state 42

   13 declaratii_comune: TYPE '[' NUMBER ']' . ID ';'
   14                  | TYPE '[' NUMBER ']' . ID ASSIGN ID ';'

    ID  shift, and go to state 72


state 43

   19 expresii: expresii . MULTIPLICATION expresii
   20         | expresii . DIVISION expresii
   21         | expresii . AND expresii
   22         | expresii . OR expresii
   23         | expresii . LESSTHAN expresii
   24         | expresii . LESSOREQUALTHAN expresii
   25         | expresii . GREATERTHAN expresii
   26         | expresii . GREATEROREQUALTHAN expresii
   27         | expresii . EQUAL expresii
   28         | NEGATION expresii .  [LESSTHAN, LESSOREQUALTHAN, GREATERTHAN, EQUAL, GREATEROREQUALTHAN, AND, OR, PLUS, MINUS, MULTIPLICATION, DIVISION, ')', ';']
   29         | expresii . PLUS expresii
   30         | expresii . MINUS expresii

    $default  reduce using rule 28 (expresii)

    Conflict between rule 28 and token LESSTHAN resolved as reduce (LESSTHAN < NEGATION).
    Conflict between rule 28 and token LESSOREQUALTHAN resolved as reduce (LESSOREQUALTHAN < NEGATION).
    Conflict between rule 28 and token GREATERTHAN resolved as reduce (GREATERTHAN < NEGATION).
    Conflict between rule 28 and token EQUAL resolved as reduce (EQUAL < NEGATION).
    Conflict between rule 28 and token GREATEROREQUALTHAN resolved as reduce (GREATEROREQUALTHAN < NEGATION).
    Conflict between rule 28 and token AND resolved as reduce (AND < NEGATION).
    Conflict between rule 28 and token OR resolved as reduce (OR < NEGATION).
    Conflict between rule 28 and token PLUS resolved as reduce (PLUS < NEGATION).
    Conflict between rule 28 and token MINUS resolved as reduce (MINUS < NEGATION).
    Conflict between rule 28 and token MULTIPLICATION resolved as reduce (MULTIPLICATION < NEGATION).
    Conflict between rule 28 and token DIVISION resolved as reduce (DIVISION < NEGATION).


state 44

   19 expresii: expresii . MULTIPLICATION expresii
   20         | expresii . DIVISION expresii
   21         | expresii . AND expresii
   22         | expresii . OR expresii
   23         | expresii . LESSTHAN expresii
   24         | expresii . LESSOREQUALTHAN expresii
   25         | expresii . GREATERTHAN expresii
   26         | expresii . GREATEROREQUALTHAN expresii
   27         | expresii . EQUAL expresii
   29         | expresii . PLUS expresii
   30         | expresii . MINUS expresii
   32         | MINUS expresii .  [LESSTHAN, LESSOREQUALTHAN, GREATERTHAN, EQUAL, GREATEROREQUALTHAN, AND, OR, PLUS, MINUS, ')', ';']

    MULTIPLICATION  shift, and go to state 58
    DIVISION        shift, and go to state 59

    $default  reduce using rule 32 (expresii)

    Conflict between rule 32 and token LESSTHAN resolved as reduce (LESSTHAN < MINUS).
    Conflict between rule 32 and token LESSOREQUALTHAN resolved as reduce (LESSOREQUALTHAN < MINUS).
    Conflict between rule 32 and token GREATERTHAN resolved as reduce (GREATERTHAN < MINUS).
    Conflict between rule 32 and token EQUAL resolved as reduce (EQUAL < MINUS).
    Conflict between rule 32 and token GREATEROREQUALTHAN resolved as reduce (GREATEROREQUALTHAN < MINUS).
    Conflict between rule 32 and token AND resolved as reduce (AND < MINUS).
    Conflict between rule 32 and token OR resolved as reduce (OR < MINUS).
    Conflict between rule 32 and token PLUS resolved as reduce (%left PLUS).
    Conflict between rule 32 and token MINUS resolved as reduce (%left MINUS).
    Conflict between rule 32 and token MULTIPLICATION resolved as shift (MINUS < MULTIPLICATION).
    Conflict between rule 32 and token DIVISION resolved as shift (MINUS < DIVISION).


state 45

   38 expresii: ID '(' . lista_argumente ')'
   56 lista_argumente: .  [')', ',']
   57                | . lista_argumente ',' arg
   58                | . arg
   59 arg: . ID
   60    | . NUMBER
   61    | . FLOAT
   62    | . BOOLEANVALUE
   63    | . STRING
   64    | . CHAR
   65    | . ID '(' lista_argumente ')'
   66    | . ID '.' ID '(' lista_argumente ')'
   67    | . ID '[' NUMBER ']'
   68    | . ID '.' ID

    NUMBER        shift, and go to state 73
    BOOLEANVALUE  shift, and go to state 74
    FLOAT         shift, and go to state 75
    CHAR          shift, and go to state 76
    STRING        shift, and go to state 77
    ID            shift, and go to state 78

    $default  reduce using rule 56 (lista_argumente)

    lista_argumente  go to state 79
    arg              go to state 80


state 46

   40 expresii: ID '[' . NUMBER ']'

    NUMBER  shift, and go to state 81


state 47

   39 expresii: ID '.' . ID '(' lista_argumente ')'
   41         | ID '.' . ID

    ID  shift, and go to state 82


state 48

   19 expresii: expresii . MULTIPLICATION expresii
   20         | expresii . DIVISION expresii
   21         | expresii . AND expresii
   22         | expresii . OR expresii
   23         | expresii . LESSTHAN expresii
   24         | expresii . LESSOREQUALTHAN expresii
   25         | expresii . GREATERTHAN expresii
   26         | expresii . GREATEROREQUALTHAN expresii
   27         | expresii . EQUAL expresii
   29         | expresii . PLUS expresii
   30         | expresii . MINUS expresii
   31         | '(' expresii . ')'

    LESSTHAN            shift, and go to state 49
    LESSOREQUALTHAN     shift, and go to state 50
    GREATERTHAN         shift, and go to state 51
    EQUAL               shift, and go to state 52
    GREATEROREQUALTHAN  shift, and go to state 53
    AND                 shift, and go to state 54
    OR                  shift, and go to state 55
    PLUS                shift, and go to state 56
    MINUS               shift, and go to state 57
    MULTIPLICATION      shift, and go to state 58
    DIVISION            shift, and go to state 59
    ')'                 shift, and go to state 83


state 49

   19 expresii: . expresii MULTIPLICATION expresii
   20         | . expresii DIVISION expresii
   21         | . expresii AND expresii
   22         | . expresii OR expresii
   23         | . expresii LESSTHAN expresii
   23         | expresii LESSTHAN . expresii
   24         | . expresii LESSOREQUALTHAN expresii
   25         | . expresii GREATERTHAN expresii
   26         | . expresii GREATEROREQUALTHAN expresii
   27         | . expresii EQUAL expresii
   28         | . NEGATION expresii
   29         | . expresii PLUS expresii
   30         | . expresii MINUS expresii
   31         | . '(' expresii ')'
   32         | . MINUS expresii
   33         | . NUMBER
   34         | . FLOAT
   35         | . CHAR
   36         | . STRING
   37         | . BOOLEANVALUE
   38         | . ID '(' lista_argumente ')'
   39         | . ID '.' ID '(' lista_argumente ')'
   40         | . ID '[' NUMBER ']'
   41         | . ID '.' ID
   42         | . ID

    NEGATION      shift, and go to state 24
    MINUS         shift, and go to state 25
    NUMBER        shift, and go to state 26
    BOOLEANVALUE  shift, and go to state 27
    FLOAT         shift, and go to state 28
    CHAR          shift, and go to state 29
    STRING        shift, and go to state 30
    ID            shift, and go to state 31
    '('           shift, and go to state 32

    expresii  go to state 84


state 50

   19 expresii: . expresii MULTIPLICATION expresii
   20         | . expresii DIVISION expresii
   21         | . expresii AND expresii
   22         | . expresii OR expresii
   23         | . expresii LESSTHAN expresii
   24         | . expresii LESSOREQUALTHAN expresii
   24         | expresii LESSOREQUALTHAN . expresii
   25         | . expresii GREATERTHAN expresii
   26         | . expresii GREATEROREQUALTHAN expresii
   27         | . expresii EQUAL expresii
   28         | . NEGATION expresii
   29         | . expresii PLUS expresii
   30         | . expresii MINUS expresii
   31         | . '(' expresii ')'
   32         | . MINUS expresii
   33         | . NUMBER
   34         | . FLOAT
   35         | . CHAR
   36         | . STRING
   37         | . BOOLEANVALUE
   38         | . ID '(' lista_argumente ')'
   39         | . ID '.' ID '(' lista_argumente ')'
   40         | . ID '[' NUMBER ']'
   41         | . ID '.' ID
   42         | . ID

    NEGATION      shift, and go to state 24
    MINUS         shift, and go to state 25
    NUMBER        shift, and go to state 26
    BOOLEANVALUE  shift, and go to state 27
    FLOAT         shift, and go to state 28
    CHAR          shift, and go to state 29
    STRING        shift, and go to state 30
    ID            shift, and go to state 31
    '('           shift, and go to state 32

    expresii  go to state 85


state 51

   19 expresii: . expresii MULTIPLICATION expresii
   20         | . expresii DIVISION expresii
   21         | . expresii AND expresii
   22         | . expresii OR expresii
   23         | . expresii LESSTHAN expresii
   24         | . expresii LESSOREQUALTHAN expresii
   25         | . expresii GREATERTHAN expresii
   25         | expresii GREATERTHAN . expresii
   26         | . expresii GREATEROREQUALTHAN expresii
   27         | . expresii EQUAL expresii
   28         | . NEGATION expresii
   29         | . expresii PLUS expresii
   30         | . expresii MINUS expresii
   31         | . '(' expresii ')'
   32         | . MINUS expresii
   33         | . NUMBER
   34         | . FLOAT
   35         | . CHAR
   36         | . STRING
   37         | . BOOLEANVALUE
   38         | . ID '(' lista_argumente ')'
   39         | . ID '.' ID '(' lista_argumente ')'
   40         | . ID '[' NUMBER ']'
   41         | . ID '.' ID
   42         | . ID

    NEGATION      shift, and go to state 24
    MINUS         shift, and go to state 25
    NUMBER        shift, and go to state 26
    BOOLEANVALUE  shift, and go to state 27
    FLOAT         shift, and go to state 28
    CHAR          shift, and go to state 29
    STRING        shift, and go to state 30
    ID            shift, and go to state 31
    '('           shift, and go to state 32

    expresii  go to state 86


state 52

   19 expresii: . expresii MULTIPLICATION expresii
   20         | . expresii DIVISION expresii
   21         | . expresii AND expresii
   22         | . expresii OR expresii
   23         | . expresii LESSTHAN expresii
   24         | . expresii LESSOREQUALTHAN expresii
   25         | . expresii GREATERTHAN expresii
   26         | . expresii GREATEROREQUALTHAN expresii
   27         | . expresii EQUAL expresii
   27         | expresii EQUAL . expresii
   28         | . NEGATION expresii
   29         | . expresii PLUS expresii
   30         | . expresii MINUS expresii
   31         | . '(' expresii ')'
   32         | . MINUS expresii
   33         | . NUMBER
   34         | . FLOAT
   35         | . CHAR
   36         | . STRING
   37         | . BOOLEANVALUE
   38         | . ID '(' lista_argumente ')'
   39         | . ID '.' ID '(' lista_argumente ')'
   40         | . ID '[' NUMBER ']'
   41         | . ID '.' ID
   42         | . ID

    NEGATION      shift, and go to state 24
    MINUS         shift, and go to state 25
    NUMBER        shift, and go to state 26
    BOOLEANVALUE  shift, and go to state 27
    FLOAT         shift, and go to state 28
    CHAR          shift, and go to state 29
    STRING        shift, and go to state 30
    ID            shift, and go to state 31
    '('           shift, and go to state 32

    expresii  go to state 87


state 53

   19 expresii: . expresii MULTIPLICATION expresii
   20         | . expresii DIVISION expresii
   21         | . expresii AND expresii
   22         | . expresii OR expresii
   23         | . expresii LESSTHAN expresii
   24         | . expresii LESSOREQUALTHAN expresii
   25         | . expresii GREATERTHAN expresii
   26         | . expresii GREATEROREQUALTHAN expresii
   26         | expresii GREATEROREQUALTHAN . expresii
   27         | . expresii EQUAL expresii
   28         | . NEGATION expresii
   29         | . expresii PLUS expresii
   30         | . expresii MINUS expresii
   31         | . '(' expresii ')'
   32         | . MINUS expresii
   33         | . NUMBER
   34         | . FLOAT
   35         | . CHAR
   36         | . STRING
   37         | . BOOLEANVALUE
   38         | . ID '(' lista_argumente ')'
   39         | . ID '.' ID '(' lista_argumente ')'
   40         | . ID '[' NUMBER ']'
   41         | . ID '.' ID
   42         | . ID

    NEGATION      shift, and go to state 24
    MINUS         shift, and go to state 25
    NUMBER        shift, and go to state 26
    BOOLEANVALUE  shift, and go to state 27
    FLOAT         shift, and go to state 28
    CHAR          shift, and go to state 29
    STRING        shift, and go to state 30
    ID            shift, and go to state 31
    '('           shift, and go to state 32

    expresii  go to state 88


state 54

   19 expresii: . expresii MULTIPLICATION expresii
   20         | . expresii DIVISION expresii
   21         | . expresii AND expresii
   21         | expresii AND . expresii
   22         | . expresii OR expresii
   23         | . expresii LESSTHAN expresii
   24         | . expresii LESSOREQUALTHAN expresii
   25         | . expresii GREATERTHAN expresii
   26         | . expresii GREATEROREQUALTHAN expresii
   27         | . expresii EQUAL expresii
   28         | . NEGATION expresii
   29         | . expresii PLUS expresii
   30         | . expresii MINUS expresii
   31         | . '(' expresii ')'
   32         | . MINUS expresii
   33         | . NUMBER
   34         | . FLOAT
   35         | . CHAR
   36         | . STRING
   37         | . BOOLEANVALUE
   38         | . ID '(' lista_argumente ')'
   39         | . ID '.' ID '(' lista_argumente ')'
   40         | . ID '[' NUMBER ']'
   41         | . ID '.' ID
   42         | . ID

    NEGATION      shift, and go to state 24
    MINUS         shift, and go to state 25
    NUMBER        shift, and go to state 26
    BOOLEANVALUE  shift, and go to state 27
    FLOAT         shift, and go to state 28
    CHAR          shift, and go to state 29
    STRING        shift, and go to state 30
    ID            shift, and go to state 31
    '('           shift, and go to state 32

    expresii  go to state 89


state 55

   19 expresii: . expresii MULTIPLICATION expresii
   20         | . expresii DIVISION expresii
   21         | . expresii AND expresii
   22         | . expresii OR expresii
   22         | expresii OR . expresii
   23         | . expresii LESSTHAN expresii
   24         | . expresii LESSOREQUALTHAN expresii
   25         | . expresii GREATERTHAN expresii
   26         | . expresii GREATEROREQUALTHAN expresii
   27         | . expresii EQUAL expresii
   28         | . NEGATION expresii
   29         | . expresii PLUS expresii
   30         | . expresii MINUS expresii
   31         | . '(' expresii ')'
   32         | . MINUS expresii
   33         | . NUMBER
   34         | . FLOAT
   35         | . CHAR
   36         | . STRING
   37         | . BOOLEANVALUE
   38         | . ID '(' lista_argumente ')'
   39         | . ID '.' ID '(' lista_argumente ')'
   40         | . ID '[' NUMBER ']'
   41         | . ID '.' ID
   42         | . ID

    NEGATION      shift, and go to state 24
    MINUS         shift, and go to state 25
    NUMBER        shift, and go to state 26
    BOOLEANVALUE  shift, and go to state 27
    FLOAT         shift, and go to state 28
    CHAR          shift, and go to state 29
    STRING        shift, and go to state 30
    ID            shift, and go to state 31
    '('           shift, and go to state 32

    expresii  go to state 90


state 56

   19 expresii: . expresii MULTIPLICATION expresii
   20         | . expresii DIVISION expresii
   21         | . expresii AND expresii
   22         | . expresii OR expresii
   23         | . expresii LESSTHAN expresii
   24         | . expresii LESSOREQUALTHAN expresii
   25         | . expresii GREATERTHAN expresii
   26         | . expresii GREATEROREQUALTHAN expresii
   27         | . expresii EQUAL expresii
   28         | . NEGATION expresii
   29         | . expresii PLUS expresii
   29         | expresii PLUS . expresii
   30         | . expresii MINUS expresii
   31         | . '(' expresii ')'
   32         | . MINUS expresii
   33         | . NUMBER
   34         | . FLOAT
   35         | . CHAR
   36         | . STRING
   37         | . BOOLEANVALUE
   38         | . ID '(' lista_argumente ')'
   39         | . ID '.' ID '(' lista_argumente ')'
   40         | . ID '[' NUMBER ']'
   41         | . ID '.' ID
   42         | . ID

    NEGATION      shift, and go to state 24
    MINUS         shift, and go to state 25
    NUMBER        shift, and go to state 26
    BOOLEANVALUE  shift, and go to state 27
    FLOAT         shift, and go to state 28
    CHAR          shift, and go to state 29
    STRING        shift, and go to state 30
    ID            shift, and go to state 31
    '('           shift, and go to state 32

    expresii  go to state 91


state 57

   19 expresii: . expresii MULTIPLICATION expresii
   20         | . expresii DIVISION expresii
   21         | . expresii AND expresii
   22         | . expresii OR expresii
   23         | . expresii LESSTHAN expresii
   24         | . expresii LESSOREQUALTHAN expresii
   25         | . expresii GREATERTHAN expresii
   26         | . expresii GREATEROREQUALTHAN expresii
   27         | . expresii EQUAL expresii
   28         | . NEGATION expresii
   29         | . expresii PLUS expresii
   30         | . expresii MINUS expresii
   30         | expresii MINUS . expresii
   31         | . '(' expresii ')'
   32         | . MINUS expresii
   33         | . NUMBER
   34         | . FLOAT
   35         | . CHAR
   36         | . STRING
   37         | . BOOLEANVALUE
   38         | . ID '(' lista_argumente ')'
   39         | . ID '.' ID '(' lista_argumente ')'
   40         | . ID '[' NUMBER ']'
   41         | . ID '.' ID
   42         | . ID

    NEGATION      shift, and go to state 24
    MINUS         shift, and go to state 25
    NUMBER        shift, and go to state 26
    BOOLEANVALUE  shift, and go to state 27
    FLOAT         shift, and go to state 28
    CHAR          shift, and go to state 29
    STRING        shift, and go to state 30
    ID            shift, and go to state 31
    '('           shift, and go to state 32

    expresii  go to state 92


state 58

   19 expresii: . expresii MULTIPLICATION expresii
   19         | expresii MULTIPLICATION . expresii
   20         | . expresii DIVISION expresii
   21         | . expresii AND expresii
   22         | . expresii OR expresii
   23         | . expresii LESSTHAN expresii
   24         | . expresii LESSOREQUALTHAN expresii
   25         | . expresii GREATERTHAN expresii
   26         | . expresii GREATEROREQUALTHAN expresii
   27         | . expresii EQUAL expresii
   28         | . NEGATION expresii
   29         | . expresii PLUS expresii
   30         | . expresii MINUS expresii
   31         | . '(' expresii ')'
   32         | . MINUS expresii
   33         | . NUMBER
   34         | . FLOAT
   35         | . CHAR
   36         | . STRING
   37         | . BOOLEANVALUE
   38         | . ID '(' lista_argumente ')'
   39         | . ID '.' ID '(' lista_argumente ')'
   40         | . ID '[' NUMBER ']'
   41         | . ID '.' ID
   42         | . ID

    NEGATION      shift, and go to state 24
    MINUS         shift, and go to state 25
    NUMBER        shift, and go to state 26
    BOOLEANVALUE  shift, and go to state 27
    FLOAT         shift, and go to state 28
    CHAR          shift, and go to state 29
    STRING        shift, and go to state 30
    ID            shift, and go to state 31
    '('           shift, and go to state 32

    expresii  go to state 93


state 59

   19 expresii: . expresii MULTIPLICATION expresii
   20         | . expresii DIVISION expresii
   20         | expresii DIVISION . expresii
   21         | . expresii AND expresii
   22         | . expresii OR expresii
   23         | . expresii LESSTHAN expresii
   24         | . expresii LESSOREQUALTHAN expresii
   25         | . expresii GREATERTHAN expresii
   26         | . expresii GREATEROREQUALTHAN expresii
   27         | . expresii EQUAL expresii
   28         | . NEGATION expresii
   29         | . expresii PLUS expresii
   30         | . expresii MINUS expresii
   31         | . '(' expresii ')'
   32         | . MINUS expresii
   33         | . NUMBER
   34         | . FLOAT
   35         | . CHAR
   36         | . STRING
   37         | . BOOLEANVALUE
   38         | . ID '(' lista_argumente ')'
   39         | . ID '.' ID '(' lista_argumente ')'
   40         | . ID '[' NUMBER ']'
   41         | . ID '.' ID
   42         | . ID

    NEGATION      shift, and go to state 24
    MINUS         shift, and go to state 25
    NUMBER        shift, and go to state 26
    BOOLEANVALUE  shift, and go to state 27
    FLOAT         shift, and go to state 28
    CHAR          shift, and go to state 29
    STRING        shift, and go to state 30
    ID            shift, and go to state 31
    '('           shift, and go to state 32

    expresii  go to state 94


state 60

   15 declaratii_comune: ID ASSIGN expresii ';' .

    $default  reduce using rule 15 (declaratii_comune)


state 61

   16 declaratii_comune: ID '[' NUMBER ']' . ASSIGN expresii ';'

    ASSIGN  shift, and go to state 95


state 62

   18 declaratii_comune: CONSTANT TYPE ID ASSIGN ID . ';'
   38 expresii: ID . '(' lista_argumente ')'
   39         | ID . '.' ID '(' lista_argumente ')'
   40         | ID . '[' NUMBER ']'
   41         | ID . '.' ID
   42         | ID .  [LESSTHAN, LESSOREQUALTHAN, GREATERTHAN, EQUAL, GREATEROREQUALTHAN, AND, OR, PLUS, MINUS, MULTIPLICATION, DIVISION, ';']

    '('  shift, and go to state 45
    ';'  shift, and go to state 96
    '['  shift, and go to state 46
    '.'  shift, and go to state 47

    ';'       [reduce using rule 42 (expresii)]
    $default  reduce using rule 42 (expresii)


state 63

   17 declaratii_comune: CONSTANT TYPE ID ASSIGN expresii . ';'
   19 expresii: expresii . MULTIPLICATION expresii
   20         | expresii . DIVISION expresii
   21         | expresii . AND expresii
   22         | expresii . OR expresii
   23         | expresii . LESSTHAN expresii
   24         | expresii . LESSOREQUALTHAN expresii
   25         | expresii . GREATERTHAN expresii
   26         | expresii . GREATEROREQUALTHAN expresii
   27         | expresii . EQUAL expresii
   29         | expresii . PLUS expresii
   30         | expresii . MINUS expresii

    LESSTHAN            shift, and go to state 49
    LESSOREQUALTHAN     shift, and go to state 50
    GREATERTHAN         shift, and go to state 51
    EQUAL               shift, and go to state 52
    GREATEROREQUALTHAN  shift, and go to state 53
    AND                 shift, and go to state 54
    OR                  shift, and go to state 55
    PLUS                shift, and go to state 56
    MINUS               shift, and go to state 57
    MULTIPLICATION      shift, and go to state 58
    DIVISION            shift, and go to state 59
    ';'                 shift, and go to state 97


state 64

   11 declaratii_comune: TYPE ID . ';'
   12                  | TYPE ID . ASSIGN expresii ';'
   55 declaratie_clasa: TYPE ID . '(' lista_argumente ')' ';'

    ASSIGN  shift, and go to state 20
    '('     shift, and go to state 98
    ';'     shift, and go to state 21


state 65

    6 rightbracket: RIGHTBRACKET .

    $default  reduce using rule 6 (rightbracket)


state 66

   10 declaratie: CLASS ID leftbracket declaratii_clasa rightbracket .

    $default  reduce using rule 10 (declaratie)


state 67

   52 declaratii_clasa: declaratii_clasa declaratie_clasa .

    $default  reduce using rule 52 (declaratii_clasa)


state 68

   12 declaratii_comune: TYPE ID ASSIGN expresii ';' .

    $default  reduce using rule 12 (declaratii_comune)


state 69

   50 parametru: TYPE . ID

    ID  shift, and go to state 99


state 70

    9 declaratie: TYPE ID @1 '(' lista_parametri . ')' leftbracket declaratii_functii rightbracket
   49 lista_parametri: lista_parametri . ',' parametru

    ')'  shift, and go to state 100
    ','  shift, and go to state 101


state 71

   48 lista_parametri: parametru .

    $default  reduce using rule 48 (lista_parametri)


state 72

   13 declaratii_comune: TYPE '[' NUMBER ']' ID . ';'
   14                  | TYPE '[' NUMBER ']' ID . ASSIGN ID ';'

    ASSIGN  shift, and go to state 102
    ';'     shift, and go to state 103


state 73

   60 arg: NUMBER .

    $default  reduce using rule 60 (arg)


state 74

   62 arg: BOOLEANVALUE .

    $default  reduce using rule 62 (arg)


state 75

   61 arg: FLOAT .

    $default  reduce using rule 61 (arg)


state 76

   64 arg: CHAR .

    $default  reduce using rule 64 (arg)


state 77

   63 arg: STRING .

    $default  reduce using rule 63 (arg)


state 78

   59 arg: ID .  [')', ',']
   65    | ID . '(' lista_argumente ')'
   66    | ID . '.' ID '(' lista_argumente ')'
   67    | ID . '[' NUMBER ']'
   68    | ID . '.' ID

    '('  shift, and go to state 104
    '['  shift, and go to state 105
    '.'  shift, and go to state 106

    $default  reduce using rule 59 (arg)


state 79

   38 expresii: ID '(' lista_argumente . ')'
   57 lista_argumente: lista_argumente . ',' arg

    ')'  shift, and go to state 107
    ','  shift, and go to state 108


state 80

   58 lista_argumente: arg .

    $default  reduce using rule 58 (lista_argumente)


state 81

   40 expresii: ID '[' NUMBER . ']'

    ']'  shift, and go to state 109


state 82

   39 expresii: ID '.' ID . '(' lista_argumente ')'
   41         | ID '.' ID .  [LESSTHAN, LESSOREQUALTHAN, GREATERTHAN, EQUAL, GREATEROREQUALTHAN, AND, OR, PLUS, MINUS, MULTIPLICATION, DIVISION, ')', ';']

    '('  shift, and go to state 110

    $default  reduce using rule 41 (expresii)


state 83

   31 expresii: '(' expresii ')' .

    $default  reduce using rule 31 (expresii)


state 84

   19 expresii: expresii . MULTIPLICATION expresii
   20         | expresii . DIVISION expresii
   21         | expresii . AND expresii
   22         | expresii . OR expresii
   23         | expresii . LESSTHAN expresii  [LESSTHAN, LESSOREQUALTHAN, GREATERTHAN, EQUAL, GREATEROREQUALTHAN, AND, OR, ')', ';']
   23         | expresii LESSTHAN expresii .  [LESSTHAN, LESSOREQUALTHAN, GREATERTHAN, EQUAL, GREATEROREQUALTHAN, AND, OR, ')', ';']
   24         | expresii . LESSOREQUALTHAN expresii
   25         | expresii . GREATERTHAN expresii
   26         | expresii . GREATEROREQUALTHAN expresii
   27         | expresii . EQUAL expresii
   29         | expresii . PLUS expresii
   30         | expresii . MINUS expresii

    PLUS            shift, and go to state 56
    MINUS           shift, and go to state 57
    MULTIPLICATION  shift, and go to state 58
    DIVISION        shift, and go to state 59

    $default  reduce using rule 23 (expresii)

    Conflict between rule 23 and token LESSTHAN resolved as reduce (%left LESSTHAN).
    Conflict between rule 23 and token LESSOREQUALTHAN resolved as reduce (%left LESSOREQUALTHAN).
    Conflict between rule 23 and token GREATERTHAN resolved as reduce (%left GREATERTHAN).
    Conflict between rule 23 and token EQUAL resolved as reduce (%left EQUAL).
    Conflict between rule 23 and token GREATEROREQUALTHAN resolved as reduce (%left GREATEROREQUALTHAN).
    Conflict between rule 23 and token AND resolved as reduce (AND < LESSTHAN).
    Conflict between rule 23 and token OR resolved as reduce (OR < LESSTHAN).
    Conflict between rule 23 and token PLUS resolved as shift (LESSTHAN < PLUS).
    Conflict between rule 23 and token MINUS resolved as shift (LESSTHAN < MINUS).
    Conflict between rule 23 and token MULTIPLICATION resolved as shift (LESSTHAN < MULTIPLICATION).
    Conflict between rule 23 and token DIVISION resolved as shift (LESSTHAN < DIVISION).


state 85

   19 expresii: expresii . MULTIPLICATION expresii
   20         | expresii . DIVISION expresii
   21         | expresii . AND expresii
   22         | expresii . OR expresii
   23         | expresii . LESSTHAN expresii
   24         | expresii . LESSOREQUALTHAN expresii  [LESSTHAN, LESSOREQUALTHAN, GREATERTHAN, EQUAL, GREATEROREQUALTHAN, AND, OR, ')', ';']
   24         | expresii LESSOREQUALTHAN expresii .  [LESSTHAN, LESSOREQUALTHAN, GREATERTHAN, EQUAL, GREATEROREQUALTHAN, AND, OR, ')', ';']
   25         | expresii . GREATERTHAN expresii
   26         | expresii . GREATEROREQUALTHAN expresii
   27         | expresii . EQUAL expresii
   29         | expresii . PLUS expresii
   30         | expresii . MINUS expresii

    PLUS            shift, and go to state 56
    MINUS           shift, and go to state 57
    MULTIPLICATION  shift, and go to state 58
    DIVISION        shift, and go to state 59

    $default  reduce using rule 24 (expresii)

    Conflict between rule 24 and token LESSTHAN resolved as reduce (%left LESSTHAN).
    Conflict between rule 24 and token LESSOREQUALTHAN resolved as reduce (%left LESSOREQUALTHAN).
    Conflict between rule 24 and token GREATERTHAN resolved as reduce (%left GREATERTHAN).
    Conflict between rule 24 and token EQUAL resolved as reduce (%left EQUAL).
    Conflict between rule 24 and token GREATEROREQUALTHAN resolved as reduce (%left GREATEROREQUALTHAN).
    Conflict between rule 24 and token AND resolved as reduce (AND < LESSOREQUALTHAN).
    Conflict between rule 24 and token OR resolved as reduce (OR < LESSOREQUALTHAN).
    Conflict between rule 24 and token PLUS resolved as shift (LESSOREQUALTHAN < PLUS).
    Conflict between rule 24 and token MINUS resolved as shift (LESSOREQUALTHAN < MINUS).
    Conflict between rule 24 and token MULTIPLICATION resolved as shift (LESSOREQUALTHAN < MULTIPLICATION).
    Conflict between rule 24 and token DIVISION resolved as shift (LESSOREQUALTHAN < DIVISION).


state 86

   19 expresii: expresii . MULTIPLICATION expresii
   20         | expresii . DIVISION expresii
   21         | expresii . AND expresii
   22         | expresii . OR expresii
   23         | expresii . LESSTHAN expresii
   24         | expresii . LESSOREQUALTHAN expresii
   25         | expresii . GREATERTHAN expresii  [LESSTHAN, LESSOREQUALTHAN, GREATERTHAN, EQUAL, GREATEROREQUALTHAN, AND, OR, ')', ';']
   25         | expresii GREATERTHAN expresii .  [LESSTHAN, LESSOREQUALTHAN, GREATERTHAN, EQUAL, GREATEROREQUALTHAN, AND, OR, ')', ';']
   26         | expresii . GREATEROREQUALTHAN expresii
   27         | expresii . EQUAL expresii
   29         | expresii . PLUS expresii
   30         | expresii . MINUS expresii

    PLUS            shift, and go to state 56
    MINUS           shift, and go to state 57
    MULTIPLICATION  shift, and go to state 58
    DIVISION        shift, and go to state 59

    $default  reduce using rule 25 (expresii)

    Conflict between rule 25 and token LESSTHAN resolved as reduce (%left LESSTHAN).
    Conflict between rule 25 and token LESSOREQUALTHAN resolved as reduce (%left LESSOREQUALTHAN).
    Conflict between rule 25 and token GREATERTHAN resolved as reduce (%left GREATERTHAN).
    Conflict between rule 25 and token EQUAL resolved as reduce (%left EQUAL).
    Conflict between rule 25 and token GREATEROREQUALTHAN resolved as reduce (%left GREATEROREQUALTHAN).
    Conflict between rule 25 and token AND resolved as reduce (AND < GREATERTHAN).
    Conflict between rule 25 and token OR resolved as reduce (OR < GREATERTHAN).
    Conflict between rule 25 and token PLUS resolved as shift (GREATERTHAN < PLUS).
    Conflict between rule 25 and token MINUS resolved as shift (GREATERTHAN < MINUS).
    Conflict between rule 25 and token MULTIPLICATION resolved as shift (GREATERTHAN < MULTIPLICATION).
    Conflict between rule 25 and token DIVISION resolved as shift (GREATERTHAN < DIVISION).


state 87

   19 expresii: expresii . MULTIPLICATION expresii
   20         | expresii . DIVISION expresii
   21         | expresii . AND expresii
   22         | expresii . OR expresii
   23         | expresii . LESSTHAN expresii
   24         | expresii . LESSOREQUALTHAN expresii
   25         | expresii . GREATERTHAN expresii
   26         | expresii . GREATEROREQUALTHAN expresii
   27         | expresii . EQUAL expresii  [LESSTHAN, LESSOREQUALTHAN, GREATERTHAN, EQUAL, GREATEROREQUALTHAN, AND, OR, ')', ';']
   27         | expresii EQUAL expresii .  [LESSTHAN, LESSOREQUALTHAN, GREATERTHAN, EQUAL, GREATEROREQUALTHAN, AND, OR, ')', ';']
   29         | expresii . PLUS expresii
   30         | expresii . MINUS expresii

    PLUS            shift, and go to state 56
    MINUS           shift, and go to state 57
    MULTIPLICATION  shift, and go to state 58
    DIVISION        shift, and go to state 59

    $default  reduce using rule 27 (expresii)

    Conflict between rule 27 and token LESSTHAN resolved as reduce (%left LESSTHAN).
    Conflict between rule 27 and token LESSOREQUALTHAN resolved as reduce (%left LESSOREQUALTHAN).
    Conflict between rule 27 and token GREATERTHAN resolved as reduce (%left GREATERTHAN).
    Conflict between rule 27 and token EQUAL resolved as reduce (%left EQUAL).
    Conflict between rule 27 and token GREATEROREQUALTHAN resolved as reduce (%left GREATEROREQUALTHAN).
    Conflict between rule 27 and token AND resolved as reduce (AND < EQUAL).
    Conflict between rule 27 and token OR resolved as reduce (OR < EQUAL).
    Conflict between rule 27 and token PLUS resolved as shift (EQUAL < PLUS).
    Conflict between rule 27 and token MINUS resolved as shift (EQUAL < MINUS).
    Conflict between rule 27 and token MULTIPLICATION resolved as shift (EQUAL < MULTIPLICATION).
    Conflict between rule 27 and token DIVISION resolved as shift (EQUAL < DIVISION).


state 88

   19 expresii: expresii . MULTIPLICATION expresii
   20         | expresii . DIVISION expresii
   21         | expresii . AND expresii
   22         | expresii . OR expresii
   23         | expresii . LESSTHAN expresii
   24         | expresii . LESSOREQUALTHAN expresii
   25         | expresii . GREATERTHAN expresii
   26         | expresii . GREATEROREQUALTHAN expresii  [LESSTHAN, LESSOREQUALTHAN, GREATERTHAN, EQUAL, GREATEROREQUALTHAN, AND, OR, ')', ';']
   26         | expresii GREATEROREQUALTHAN expresii .  [LESSTHAN, LESSOREQUALTHAN, GREATERTHAN, EQUAL, GREATEROREQUALTHAN, AND, OR, ')', ';']
   27         | expresii . EQUAL expresii
   29         | expresii . PLUS expresii
   30         | expresii . MINUS expresii

    PLUS            shift, and go to state 56
    MINUS           shift, and go to state 57
    MULTIPLICATION  shift, and go to state 58
    DIVISION        shift, and go to state 59

    $default  reduce using rule 26 (expresii)

    Conflict between rule 26 and token LESSTHAN resolved as reduce (%left LESSTHAN).
    Conflict between rule 26 and token LESSOREQUALTHAN resolved as reduce (%left LESSOREQUALTHAN).
    Conflict between rule 26 and token GREATERTHAN resolved as reduce (%left GREATERTHAN).
    Conflict between rule 26 and token EQUAL resolved as reduce (%left EQUAL).
    Conflict between rule 26 and token GREATEROREQUALTHAN resolved as reduce (%left GREATEROREQUALTHAN).
    Conflict between rule 26 and token AND resolved as reduce (AND < GREATEROREQUALTHAN).
    Conflict between rule 26 and token OR resolved as reduce (OR < GREATEROREQUALTHAN).
    Conflict between rule 26 and token PLUS resolved as shift (GREATEROREQUALTHAN < PLUS).
    Conflict between rule 26 and token MINUS resolved as shift (GREATEROREQUALTHAN < MINUS).
    Conflict between rule 26 and token MULTIPLICATION resolved as shift (GREATEROREQUALTHAN < MULTIPLICATION).
    Conflict between rule 26 and token DIVISION resolved as shift (GREATEROREQUALTHAN < DIVISION).


state 89

   19 expresii: expresii . MULTIPLICATION expresii
   20         | expresii . DIVISION expresii
   21         | expresii . AND expresii  [AND, OR, ')', ';']
   21         | expresii AND expresii .  [AND, OR, ')', ';']
   22         | expresii . OR expresii
   23         | expresii . LESSTHAN expresii
   24         | expresii . LESSOREQUALTHAN expresii
   25         | expresii . GREATERTHAN expresii
   26         | expresii . GREATEROREQUALTHAN expresii
   27         | expresii . EQUAL expresii
   29         | expresii . PLUS expresii
   30         | expresii . MINUS expresii

    LESSTHAN            shift, and go to state 49
    LESSOREQUALTHAN     shift, and go to state 50
    GREATERTHAN         shift, and go to state 51
    EQUAL               shift, and go to state 52
    GREATEROREQUALTHAN  shift, and go to state 53
    PLUS                shift, and go to state 56
    MINUS               shift, and go to state 57
    MULTIPLICATION      shift, and go to state 58
    DIVISION            shift, and go to state 59

    $default  reduce using rule 21 (expresii)

    Conflict between rule 21 and token LESSTHAN resolved as shift (AND < LESSTHAN).
    Conflict between rule 21 and token LESSOREQUALTHAN resolved as shift (AND < LESSOREQUALTHAN).
    Conflict between rule 21 and token GREATERTHAN resolved as shift (AND < GREATERTHAN).
    Conflict between rule 21 and token EQUAL resolved as shift (AND < EQUAL).
    Conflict between rule 21 and token GREATEROREQUALTHAN resolved as shift (AND < GREATEROREQUALTHAN).
    Conflict between rule 21 and token AND resolved as reduce (%left AND).
    Conflict between rule 21 and token OR resolved as reduce (OR < AND).
    Conflict between rule 21 and token PLUS resolved as shift (AND < PLUS).
    Conflict between rule 21 and token MINUS resolved as shift (AND < MINUS).
    Conflict between rule 21 and token MULTIPLICATION resolved as shift (AND < MULTIPLICATION).
    Conflict between rule 21 and token DIVISION resolved as shift (AND < DIVISION).


state 90

   19 expresii: expresii . MULTIPLICATION expresii
   20         | expresii . DIVISION expresii
   21         | expresii . AND expresii
   22         | expresii . OR expresii  [OR, ')', ';']
   22         | expresii OR expresii .  [OR, ')', ';']
   23         | expresii . LESSTHAN expresii
   24         | expresii . LESSOREQUALTHAN expresii
   25         | expresii . GREATERTHAN expresii
   26         | expresii . GREATEROREQUALTHAN expresii
   27         | expresii . EQUAL expresii
   29         | expresii . PLUS expresii
   30         | expresii . MINUS expresii

    LESSTHAN            shift, and go to state 49
    LESSOREQUALTHAN     shift, and go to state 50
    GREATERTHAN         shift, and go to state 51
    EQUAL               shift, and go to state 52
    GREATEROREQUALTHAN  shift, and go to state 53
    AND                 shift, and go to state 54
    PLUS                shift, and go to state 56
    MINUS               shift, and go to state 57
    MULTIPLICATION      shift, and go to state 58
    DIVISION            shift, and go to state 59

    $default  reduce using rule 22 (expresii)

    Conflict between rule 22 and token LESSTHAN resolved as shift (OR < LESSTHAN).
    Conflict between rule 22 and token LESSOREQUALTHAN resolved as shift (OR < LESSOREQUALTHAN).
    Conflict between rule 22 and token GREATERTHAN resolved as shift (OR < GREATERTHAN).
    Conflict between rule 22 and token EQUAL resolved as shift (OR < EQUAL).
    Conflict between rule 22 and token GREATEROREQUALTHAN resolved as shift (OR < GREATEROREQUALTHAN).
    Conflict between rule 22 and token AND resolved as shift (OR < AND).
    Conflict between rule 22 and token OR resolved as reduce (%left OR).
    Conflict between rule 22 and token PLUS resolved as shift (OR < PLUS).
    Conflict between rule 22 and token MINUS resolved as shift (OR < MINUS).
    Conflict between rule 22 and token MULTIPLICATION resolved as shift (OR < MULTIPLICATION).
    Conflict between rule 22 and token DIVISION resolved as shift (OR < DIVISION).


state 91

   19 expresii: expresii . MULTIPLICATION expresii
   20         | expresii . DIVISION expresii
   21         | expresii . AND expresii
   22         | expresii . OR expresii
   23         | expresii . LESSTHAN expresii
   24         | expresii . LESSOREQUALTHAN expresii
   25         | expresii . GREATERTHAN expresii
   26         | expresii . GREATEROREQUALTHAN expresii
   27         | expresii . EQUAL expresii
   29         | expresii . PLUS expresii  [LESSTHAN, LESSOREQUALTHAN, GREATERTHAN, EQUAL, GREATEROREQUALTHAN, AND, OR, PLUS, MINUS, ')', ';']
   29         | expresii PLUS expresii .  [LESSTHAN, LESSOREQUALTHAN, GREATERTHAN, EQUAL, GREATEROREQUALTHAN, AND, OR, PLUS, MINUS, ')', ';']
   30         | expresii . MINUS expresii

    MULTIPLICATION  shift, and go to state 58
    DIVISION        shift, and go to state 59

    $default  reduce using rule 29 (expresii)

    Conflict between rule 29 and token LESSTHAN resolved as reduce (LESSTHAN < PLUS).
    Conflict between rule 29 and token LESSOREQUALTHAN resolved as reduce (LESSOREQUALTHAN < PLUS).
    Conflict between rule 29 and token GREATERTHAN resolved as reduce (GREATERTHAN < PLUS).
    Conflict between rule 29 and token EQUAL resolved as reduce (EQUAL < PLUS).
    Conflict between rule 29 and token GREATEROREQUALTHAN resolved as reduce (GREATEROREQUALTHAN < PLUS).
    Conflict between rule 29 and token AND resolved as reduce (AND < PLUS).
    Conflict between rule 29 and token OR resolved as reduce (OR < PLUS).
    Conflict between rule 29 and token PLUS resolved as reduce (%left PLUS).
    Conflict between rule 29 and token MINUS resolved as reduce (%left MINUS).
    Conflict between rule 29 and token MULTIPLICATION resolved as shift (PLUS < MULTIPLICATION).
    Conflict between rule 29 and token DIVISION resolved as shift (PLUS < DIVISION).


state 92

   19 expresii: expresii . MULTIPLICATION expresii
   20         | expresii . DIVISION expresii
   21         | expresii . AND expresii
   22         | expresii . OR expresii
   23         | expresii . LESSTHAN expresii
   24         | expresii . LESSOREQUALTHAN expresii
   25         | expresii . GREATERTHAN expresii
   26         | expresii . GREATEROREQUALTHAN expresii
   27         | expresii . EQUAL expresii
   29         | expresii . PLUS expresii
   30         | expresii . MINUS expresii  [LESSTHAN, LESSOREQUALTHAN, GREATERTHAN, EQUAL, GREATEROREQUALTHAN, AND, OR, PLUS, MINUS, ')', ';']
   30         | expresii MINUS expresii .  [LESSTHAN, LESSOREQUALTHAN, GREATERTHAN, EQUAL, GREATEROREQUALTHAN, AND, OR, PLUS, MINUS, ')', ';']

    MULTIPLICATION  shift, and go to state 58
    DIVISION        shift, and go to state 59

    $default  reduce using rule 30 (expresii)

    Conflict between rule 30 and token LESSTHAN resolved as reduce (LESSTHAN < MINUS).
    Conflict between rule 30 and token LESSOREQUALTHAN resolved as reduce (LESSOREQUALTHAN < MINUS).
    Conflict between rule 30 and token GREATERTHAN resolved as reduce (GREATERTHAN < MINUS).
    Conflict between rule 30 and token EQUAL resolved as reduce (EQUAL < MINUS).
    Conflict between rule 30 and token GREATEROREQUALTHAN resolved as reduce (GREATEROREQUALTHAN < MINUS).
    Conflict between rule 30 and token AND resolved as reduce (AND < MINUS).
    Conflict between rule 30 and token OR resolved as reduce (OR < MINUS).
    Conflict between rule 30 and token PLUS resolved as reduce (%left PLUS).
    Conflict between rule 30 and token MINUS resolved as reduce (%left MINUS).
    Conflict between rule 30 and token MULTIPLICATION resolved as shift (MINUS < MULTIPLICATION).
    Conflict between rule 30 and token DIVISION resolved as shift (MINUS < DIVISION).


state 93

   19 expresii: expresii . MULTIPLICATION expresii  [LESSTHAN, LESSOREQUALTHAN, GREATERTHAN, EQUAL, GREATEROREQUALTHAN, AND, OR, PLUS, MINUS, MULTIPLICATION, DIVISION, ')', ';']
   19         | expresii MULTIPLICATION expresii .  [LESSTHAN, LESSOREQUALTHAN, GREATERTHAN, EQUAL, GREATEROREQUALTHAN, AND, OR, PLUS, MINUS, MULTIPLICATION, DIVISION, ')', ';']
   20         | expresii . DIVISION expresii
   21         | expresii . AND expresii
   22         | expresii . OR expresii
   23         | expresii . LESSTHAN expresii
   24         | expresii . LESSOREQUALTHAN expresii
   25         | expresii . GREATERTHAN expresii
   26         | expresii . GREATEROREQUALTHAN expresii
   27         | expresii . EQUAL expresii
   29         | expresii . PLUS expresii
   30         | expresii . MINUS expresii

    $default  reduce using rule 19 (expresii)

    Conflict between rule 19 and token LESSTHAN resolved as reduce (LESSTHAN < MULTIPLICATION).
    Conflict between rule 19 and token LESSOREQUALTHAN resolved as reduce (LESSOREQUALTHAN < MULTIPLICATION).
    Conflict between rule 19 and token GREATERTHAN resolved as reduce (GREATERTHAN < MULTIPLICATION).
    Conflict between rule 19 and token EQUAL resolved as reduce (EQUAL < MULTIPLICATION).
    Conflict between rule 19 and token GREATEROREQUALTHAN resolved as reduce (GREATEROREQUALTHAN < MULTIPLICATION).
    Conflict between rule 19 and token AND resolved as reduce (AND < MULTIPLICATION).
    Conflict between rule 19 and token OR resolved as reduce (OR < MULTIPLICATION).
    Conflict between rule 19 and token PLUS resolved as reduce (PLUS < MULTIPLICATION).
    Conflict between rule 19 and token MINUS resolved as reduce (MINUS < MULTIPLICATION).
    Conflict between rule 19 and token MULTIPLICATION resolved as reduce (%left MULTIPLICATION).
    Conflict between rule 19 and token DIVISION resolved as reduce (%left DIVISION).


state 94

   19 expresii: expresii . MULTIPLICATION expresii
   20         | expresii . DIVISION expresii  [LESSTHAN, LESSOREQUALTHAN, GREATERTHAN, EQUAL, GREATEROREQUALTHAN, AND, OR, PLUS, MINUS, MULTIPLICATION, DIVISION, ')', ';']
   20         | expresii DIVISION expresii .  [LESSTHAN, LESSOREQUALTHAN, GREATERTHAN, EQUAL, GREATEROREQUALTHAN, AND, OR, PLUS, MINUS, MULTIPLICATION, DIVISION, ')', ';']
   21         | expresii . AND expresii
   22         | expresii . OR expresii
   23         | expresii . LESSTHAN expresii
   24         | expresii . LESSOREQUALTHAN expresii
   25         | expresii . GREATERTHAN expresii
   26         | expresii . GREATEROREQUALTHAN expresii
   27         | expresii . EQUAL expresii
   29         | expresii . PLUS expresii
   30         | expresii . MINUS expresii

    $default  reduce using rule 20 (expresii)

    Conflict between rule 20 and token LESSTHAN resolved as reduce (LESSTHAN < DIVISION).
    Conflict between rule 20 and token LESSOREQUALTHAN resolved as reduce (LESSOREQUALTHAN < DIVISION).
    Conflict between rule 20 and token GREATERTHAN resolved as reduce (GREATERTHAN < DIVISION).
    Conflict between rule 20 and token EQUAL resolved as reduce (EQUAL < DIVISION).
    Conflict between rule 20 and token GREATEROREQUALTHAN resolved as reduce (GREATEROREQUALTHAN < DIVISION).
    Conflict between rule 20 and token AND resolved as reduce (AND < DIVISION).
    Conflict between rule 20 and token OR resolved as reduce (OR < DIVISION).
    Conflict between rule 20 and token PLUS resolved as reduce (PLUS < DIVISION).
    Conflict between rule 20 and token MINUS resolved as reduce (MINUS < DIVISION).
    Conflict between rule 20 and token MULTIPLICATION resolved as reduce (%left MULTIPLICATION).
    Conflict between rule 20 and token DIVISION resolved as reduce (%left DIVISION).


state 95

   16 declaratii_comune: ID '[' NUMBER ']' ASSIGN . expresii ';'
   19 expresii: . expresii MULTIPLICATION expresii
   20         | . expresii DIVISION expresii
   21         | . expresii AND expresii
   22         | . expresii OR expresii
   23         | . expresii LESSTHAN expresii
   24         | . expresii LESSOREQUALTHAN expresii
   25         | . expresii GREATERTHAN expresii
   26         | . expresii GREATEROREQUALTHAN expresii
   27         | . expresii EQUAL expresii
   28         | . NEGATION expresii
   29         | . expresii PLUS expresii
   30         | . expresii MINUS expresii
   31         | . '(' expresii ')'
   32         | . MINUS expresii
   33         | . NUMBER
   34         | . FLOAT
   35         | . CHAR
   36         | . STRING
   37         | . BOOLEANVALUE
   38         | . ID '(' lista_argumente ')'
   39         | . ID '.' ID '(' lista_argumente ')'
   40         | . ID '[' NUMBER ']'
   41         | . ID '.' ID
   42         | . ID

    NEGATION      shift, and go to state 24
    MINUS         shift, and go to state 25
    NUMBER        shift, and go to state 26
    BOOLEANVALUE  shift, and go to state 27
    FLOAT         shift, and go to state 28
    CHAR          shift, and go to state 29
    STRING        shift, and go to state 30
    ID            shift, and go to state 31
    '('           shift, and go to state 32

    expresii  go to state 111


state 96

   18 declaratii_comune: CONSTANT TYPE ID ASSIGN ID ';' .

    $default  reduce using rule 18 (declaratii_comune)


state 97

   17 declaratii_comune: CONSTANT TYPE ID ASSIGN expresii ';' .

    $default  reduce using rule 17 (declaratii_comune)


state 98

   55 declaratie_clasa: TYPE ID '(' . lista_argumente ')' ';'
   56 lista_argumente: .  [')', ',']
   57                | . lista_argumente ',' arg
   58                | . arg
   59 arg: . ID
   60    | . NUMBER
   61    | . FLOAT
   62    | . BOOLEANVALUE
   63    | . STRING
   64    | . CHAR
   65    | . ID '(' lista_argumente ')'
   66    | . ID '.' ID '(' lista_argumente ')'
   67    | . ID '[' NUMBER ']'
   68    | . ID '.' ID

    NUMBER        shift, and go to state 73
    BOOLEANVALUE  shift, and go to state 74
    FLOAT         shift, and go to state 75
    CHAR          shift, and go to state 76
    STRING        shift, and go to state 77
    ID            shift, and go to state 78

    $default  reduce using rule 56 (lista_argumente)

    lista_argumente  go to state 112
    arg              go to state 80


state 99

   50 parametru: TYPE ID .

    $default  reduce using rule 50 (parametru)


state 100

    5 leftbracket: . LEFTBRACKET
    9 declaratie: TYPE ID @1 '(' lista_parametri ')' . leftbracket declaratii_functii rightbracket

    LEFTBRACKET  shift, and go to state 18

    leftbracket  go to state 113


state 101

   49 lista_parametri: lista_parametri ',' . parametru
   50 parametru: . TYPE ID

    TYPE  shift, and go to state 69

    parametru  go to state 114


state 102

   14 declaratii_comune: TYPE '[' NUMBER ']' ID ASSIGN . ID ';'

    ID  shift, and go to state 115


state 103

   13 declaratii_comune: TYPE '[' NUMBER ']' ID ';' .

    $default  reduce using rule 13 (declaratii_comune)


state 104

   56 lista_argumente: .  [')', ',']
   57                | . lista_argumente ',' arg
   58                | . arg
   59 arg: . ID
   60    | . NUMBER
   61    | . FLOAT
   62    | . BOOLEANVALUE
   63    | . STRING
   64    | . CHAR
   65    | . ID '(' lista_argumente ')'
   65    | ID '(' . lista_argumente ')'
   66    | . ID '.' ID '(' lista_argumente ')'
   67    | . ID '[' NUMBER ']'
   68    | . ID '.' ID

    NUMBER        shift, and go to state 73
    BOOLEANVALUE  shift, and go to state 74
    FLOAT         shift, and go to state 75
    CHAR          shift, and go to state 76
    STRING        shift, and go to state 77
    ID            shift, and go to state 78

    $default  reduce using rule 56 (lista_argumente)

    lista_argumente  go to state 116
    arg              go to state 80


state 105

   67 arg: ID '[' . NUMBER ']'

    NUMBER  shift, and go to state 117


state 106

   66 arg: ID '.' . ID '(' lista_argumente ')'
   68    | ID '.' . ID

    ID  shift, and go to state 118


state 107

   38 expresii: ID '(' lista_argumente ')' .

    $default  reduce using rule 38 (expresii)


state 108

   57 lista_argumente: lista_argumente ',' . arg
   59 arg: . ID
   60    | . NUMBER
   61    | . FLOAT
   62    | . BOOLEANVALUE
   63    | . STRING
   64    | . CHAR
   65    | . ID '(' lista_argumente ')'
   66    | . ID '.' ID '(' lista_argumente ')'
   67    | . ID '[' NUMBER ']'
   68    | . ID '.' ID

    NUMBER        shift, and go to state 73
    BOOLEANVALUE  shift, and go to state 74
    FLOAT         shift, and go to state 75
    CHAR          shift, and go to state 76
    STRING        shift, and go to state 77
    ID            shift, and go to state 78

    arg  go to state 119


state 109

   40 expresii: ID '[' NUMBER ']' .

    $default  reduce using rule 40 (expresii)


state 110

   39 expresii: ID '.' ID '(' . lista_argumente ')'
   56 lista_argumente: .  [')', ',']
   57                | . lista_argumente ',' arg
   58                | . arg
   59 arg: . ID
   60    | . NUMBER
   61    | . FLOAT
   62    | . BOOLEANVALUE
   63    | . STRING
   64    | . CHAR
   65    | . ID '(' lista_argumente ')'
   66    | . ID '.' ID '(' lista_argumente ')'
   67    | . ID '[' NUMBER ']'
   68    | . ID '.' ID

    NUMBER        shift, and go to state 73
    BOOLEANVALUE  shift, and go to state 74
    FLOAT         shift, and go to state 75
    CHAR          shift, and go to state 76
    STRING        shift, and go to state 77
    ID            shift, and go to state 78

    $default  reduce using rule 56 (lista_argumente)

    lista_argumente  go to state 120
    arg              go to state 80


state 111

   16 declaratii_comune: ID '[' NUMBER ']' ASSIGN expresii . ';'
   19 expresii: expresii . MULTIPLICATION expresii
   20         | expresii . DIVISION expresii
   21         | expresii . AND expresii
   22         | expresii . OR expresii
   23         | expresii . LESSTHAN expresii
   24         | expresii . LESSOREQUALTHAN expresii
   25         | expresii . GREATERTHAN expresii
   26         | expresii . GREATEROREQUALTHAN expresii
   27         | expresii . EQUAL expresii
   29         | expresii . PLUS expresii
   30         | expresii . MINUS expresii

    LESSTHAN            shift, and go to state 49
    LESSOREQUALTHAN     shift, and go to state 50
    GREATERTHAN         shift, and go to state 51
    EQUAL               shift, and go to state 52
    GREATEROREQUALTHAN  shift, and go to state 53
    AND                 shift, and go to state 54
    OR                  shift, and go to state 55
    PLUS                shift, and go to state 56
    MINUS               shift, and go to state 57
    MULTIPLICATION      shift, and go to state 58
    DIVISION            shift, and go to state 59
    ';'                 shift, and go to state 121


state 112

   55 declaratie_clasa: TYPE ID '(' lista_argumente . ')' ';'
   57 lista_argumente: lista_argumente . ',' arg

    ')'  shift, and go to state 122
    ','  shift, and go to state 108


state 113

    9 declaratie: TYPE ID @1 '(' lista_parametri ')' leftbracket . declaratii_functii rightbracket
   11 declaratii_comune: . TYPE ID ';'
   12                  | . TYPE ID ASSIGN expresii ';'
   13                  | . TYPE '[' NUMBER ']' ID ';'
   14                  | . TYPE '[' NUMBER ']' ID ASSIGN ID ';'
   15                  | . ID ASSIGN expresii ';'
   16                  | . ID '[' NUMBER ']' ASSIGN expresii ';'
   17                  | . CONSTANT TYPE ID ASSIGN expresii ';'
   18                  | . CONSTANT TYPE ID ASSIGN ID ';'
   43 declaratii_functii: . declaratii_functii declaratie_functie
   44                   | . declaratie_functie
   45 declaratie_functie: . declaratii_comune
   46                   | . if_statement
   69 if_statement: . IF '(' expresii ')' leftbracket declaratii_if rightbracket
   70             | . IF '(' expresii ')' leftbracket declaratii_if rightbracket ELSE leftbracket declaratii_if rightbracket

    CONSTANT  shift, and go to state 1
    IF        shift, and go to state 123
    TYPE      shift, and go to state 124
    ID        shift, and go to state 4

    declaratii_comune   go to state 125
    declaratii_functii  go to state 126
    declaratie_functie  go to state 127
    if_statement        go to state 128


state 114

   49 lista_parametri: lista_parametri ',' parametru .

    $default  reduce using rule 49 (lista_parametri)


state 115

   14 declaratii_comune: TYPE '[' NUMBER ']' ID ASSIGN ID . ';'

    ';'  shift, and go to state 129


state 116

   57 lista_argumente: lista_argumente . ',' arg
   65 arg: ID '(' lista_argumente . ')'

    ')'  shift, and go to state 130
    ','  shift, and go to state 108


state 117

   67 arg: ID '[' NUMBER . ']'

    ']'  shift, and go to state 131


state 118

   66 arg: ID '.' ID . '(' lista_argumente ')'
   68    | ID '.' ID .  [')', ',']

    '('  shift, and go to state 132

    $default  reduce using rule 68 (arg)


state 119

   57 lista_argumente: lista_argumente ',' arg .

    $default  reduce using rule 57 (lista_argumente)


state 120

   39 expresii: ID '.' ID '(' lista_argumente . ')'
   57 lista_argumente: lista_argumente . ',' arg

    ')'  shift, and go to state 133
    ','  shift, and go to state 108


state 121

   16 declaratii_comune: ID '[' NUMBER ']' ASSIGN expresii ';' .

    $default  reduce using rule 16 (declaratii_comune)


state 122

   55 declaratie_clasa: TYPE ID '(' lista_argumente ')' . ';'

    ';'  shift, and go to state 134


state 123

   69 if_statement: IF . '(' expresii ')' leftbracket declaratii_if rightbracket
   70             | IF . '(' expresii ')' leftbracket declaratii_if rightbracket ELSE leftbracket declaratii_if rightbracket

    '('  shift, and go to state 135


state 124

   11 declaratii_comune: TYPE . ID ';'
   12                  | TYPE . ID ASSIGN expresii ';'
   13                  | TYPE . '[' NUMBER ']' ID ';'
   14                  | TYPE . '[' NUMBER ']' ID ASSIGN ID ';'

    ID   shift, and go to state 136
    '['  shift, and go to state 12


state 125

   45 declaratie_functie: declaratii_comune .

    $default  reduce using rule 45 (declaratie_functie)


state 126

    6 rightbracket: . RIGHTBRACKET
    9 declaratie: TYPE ID @1 '(' lista_parametri ')' leftbracket declaratii_functii . rightbracket
   11 declaratii_comune: . TYPE ID ';'
   12                  | . TYPE ID ASSIGN expresii ';'
   13                  | . TYPE '[' NUMBER ']' ID ';'
   14                  | . TYPE '[' NUMBER ']' ID ASSIGN ID ';'
   15                  | . ID ASSIGN expresii ';'
   16                  | . ID '[' NUMBER ']' ASSIGN expresii ';'
   17                  | . CONSTANT TYPE ID ASSIGN expresii ';'
   18                  | . CONSTANT TYPE ID ASSIGN ID ';'
   43 declaratii_functii: declaratii_functii . declaratie_functie
   45 declaratie_functie: . declaratii_comune
   46                   | . if_statement
   69 if_statement: . IF '(' expresii ')' leftbracket declaratii_if rightbracket
   70             | . IF '(' expresii ')' leftbracket declaratii_if rightbracket ELSE leftbracket declaratii_if rightbracket

    CONSTANT      shift, and go to state 1
    IF            shift, and go to state 123
    RIGHTBRACKET  shift, and go to state 65
    TYPE          shift, and go to state 124
    ID            shift, and go to state 4

    rightbracket        go to state 137
    declaratii_comune   go to state 125
    declaratie_functie  go to state 138
    if_statement        go to state 128


state 127

   44 declaratii_functii: declaratie_functie .

    $default  reduce using rule 44 (declaratii_functii)


state 128

   46 declaratie_functie: if_statement .

    $default  reduce using rule 46 (declaratie_functie)


state 129

   14 declaratii_comune: TYPE '[' NUMBER ']' ID ASSIGN ID ';' .

    $default  reduce using rule 14 (declaratii_comune)


state 130

   65 arg: ID '(' lista_argumente ')' .

    $default  reduce using rule 65 (arg)


state 131

   67 arg: ID '[' NUMBER ']' .

    $default  reduce using rule 67 (arg)


state 132

   56 lista_argumente: .  [')', ',']
   57                | . lista_argumente ',' arg
   58                | . arg
   59 arg: . ID
   60    | . NUMBER
   61    | . FLOAT
   62    | . BOOLEANVALUE
   63    | . STRING
   64    | . CHAR
   65    | . ID '(' lista_argumente ')'
   66    | . ID '.' ID '(' lista_argumente ')'
   66    | ID '.' ID '(' . lista_argumente ')'
   67    | . ID '[' NUMBER ']'
   68    | . ID '.' ID

    NUMBER        shift, and go to state 73
    BOOLEANVALUE  shift, and go to state 74
    FLOAT         shift, and go to state 75
    CHAR          shift, and go to state 76
    STRING        shift, and go to state 77
    ID            shift, and go to state 78

    $default  reduce using rule 56 (lista_argumente)

    lista_argumente  go to state 139
    arg              go to state 80


state 133

   39 expresii: ID '.' ID '(' lista_argumente ')' .

    $default  reduce using rule 39 (expresii)


state 134

   55 declaratie_clasa: TYPE ID '(' lista_argumente ')' ';' .

    $default  reduce using rule 55 (declaratie_clasa)


state 135

   19 expresii: . expresii MULTIPLICATION expresii
   20         | . expresii DIVISION expresii
   21         | . expresii AND expresii
   22         | . expresii OR expresii
   23         | . expresii LESSTHAN expresii
   24         | . expresii LESSOREQUALTHAN expresii
   25         | . expresii GREATERTHAN expresii
   26         | . expresii GREATEROREQUALTHAN expresii
   27         | . expresii EQUAL expresii
   28         | . NEGATION expresii
   29         | . expresii PLUS expresii
   30         | . expresii MINUS expresii
   31         | . '(' expresii ')'
   32         | . MINUS expresii
   33         | . NUMBER
   34         | . FLOAT
   35         | . CHAR
   36         | . STRING
   37         | . BOOLEANVALUE
   38         | . ID '(' lista_argumente ')'
   39         | . ID '.' ID '(' lista_argumente ')'
   40         | . ID '[' NUMBER ']'
   41         | . ID '.' ID
   42         | . ID
   69 if_statement: IF '(' . expresii ')' leftbracket declaratii_if rightbracket
   70             | IF '(' . expresii ')' leftbracket declaratii_if rightbracket ELSE leftbracket declaratii_if rightbracket

    NEGATION      shift, and go to state 24
    MINUS         shift, and go to state 25
    NUMBER        shift, and go to state 26
    BOOLEANVALUE  shift, and go to state 27
    FLOAT         shift, and go to state 28
    CHAR          shift, and go to state 29
    STRING        shift, and go to state 30
    ID            shift, and go to state 31
    '('           shift, and go to state 32

    expresii  go to state 140


state 136

   11 declaratii_comune: TYPE ID . ';'
   12                  | TYPE ID . ASSIGN expresii ';'

    ASSIGN  shift, and go to state 20
    ';'     shift, and go to state 21


state 137

    9 declaratie: TYPE ID @1 '(' lista_parametri ')' leftbracket declaratii_functii rightbracket .

    $default  reduce using rule 9 (declaratie)


state 138

   43 declaratii_functii: declaratii_functii declaratie_functie .

    $default  reduce using rule 43 (declaratii_functii)


state 139

   57 lista_argumente: lista_argumente . ',' arg
   66 arg: ID '.' ID '(' lista_argumente . ')'

    ')'  shift, and go to state 141
    ','  shift, and go to state 108


state 140

   19 expresii: expresii . MULTIPLICATION expresii
   20         | expresii . DIVISION expresii
   21         | expresii . AND expresii
   22         | expresii . OR expresii
   23         | expresii . LESSTHAN expresii
   24         | expresii . LESSOREQUALTHAN expresii
   25         | expresii . GREATERTHAN expresii
   26         | expresii . GREATEROREQUALTHAN expresii
   27         | expresii . EQUAL expresii
   29         | expresii . PLUS expresii
   30         | expresii . MINUS expresii
   69 if_statement: IF '(' expresii . ')' leftbracket declaratii_if rightbracket
   70             | IF '(' expresii . ')' leftbracket declaratii_if rightbracket ELSE leftbracket declaratii_if rightbracket

    LESSTHAN            shift, and go to state 49
    LESSOREQUALTHAN     shift, and go to state 50
    GREATERTHAN         shift, and go to state 51
    EQUAL               shift, and go to state 52
    GREATEROREQUALTHAN  shift, and go to state 53
    AND                 shift, and go to state 54
    OR                  shift, and go to state 55
    PLUS                shift, and go to state 56
    MINUS               shift, and go to state 57
    MULTIPLICATION      shift, and go to state 58
    DIVISION            shift, and go to state 59
    ')'                 shift, and go to state 142


state 141

   66 arg: ID '.' ID '(' lista_argumente ')' .

    $default  reduce using rule 66 (arg)


state 142

    5 leftbracket: . LEFTBRACKET
   69 if_statement: IF '(' expresii ')' . leftbracket declaratii_if rightbracket
   70             | IF '(' expresii ')' . leftbracket declaratii_if rightbracket ELSE leftbracket declaratii_if rightbracket

    LEFTBRACKET  shift, and go to state 18

    leftbracket  go to state 143


state 143

   11 declaratii_comune: . TYPE ID ';'
   12                  | . TYPE ID ASSIGN expresii ';'
   13                  | . TYPE '[' NUMBER ']' ID ';'
   14                  | . TYPE '[' NUMBER ']' ID ASSIGN ID ';'
   15                  | . ID ASSIGN expresii ';'
   16                  | . ID '[' NUMBER ']' ASSIGN expresii ';'
   17                  | . CONSTANT TYPE ID ASSIGN expresii ';'
   18                  | . CONSTANT TYPE ID ASSIGN ID ';'
   69 if_statement: . IF '(' expresii ')' leftbracket declaratii_if rightbracket
   69             | IF '(' expresii ')' leftbracket . declaratii_if rightbracket
   70             | . IF '(' expresii ')' leftbracket declaratii_if rightbracket ELSE leftbracket declaratii_if rightbracket
   70             | IF '(' expresii ')' leftbracket . declaratii_if rightbracket ELSE leftbracket declaratii_if rightbracket
   71 declaratii_if: . declaratii_if declaratie_if
   72              | . declaratie_if
   73 declaratie_if: . declaratii_comune
   74              | . if_statement

    CONSTANT  shift, and go to state 1
    IF        shift, and go to state 123
    TYPE      shift, and go to state 124
    ID        shift, and go to state 4

    declaratii_comune  go to state 144
    if_statement       go to state 145
    declaratii_if      go to state 146
    declaratie_if      go to state 147


state 144

   73 declaratie_if: declaratii_comune .

    $default  reduce using rule 73 (declaratie_if)


state 145

   74 declaratie_if: if_statement .

    $default  reduce using rule 74 (declaratie_if)


state 146

    6 rightbracket: . RIGHTBRACKET
   11 declaratii_comune: . TYPE ID ';'
   12                  | . TYPE ID ASSIGN expresii ';'
   13                  | . TYPE '[' NUMBER ']' ID ';'
   14                  | . TYPE '[' NUMBER ']' ID ASSIGN ID ';'
   15                  | . ID ASSIGN expresii ';'
   16                  | . ID '[' NUMBER ']' ASSIGN expresii ';'
   17                  | . CONSTANT TYPE ID ASSIGN expresii ';'
   18                  | . CONSTANT TYPE ID ASSIGN ID ';'
   69 if_statement: . IF '(' expresii ')' leftbracket declaratii_if rightbracket
   69             | IF '(' expresii ')' leftbracket declaratii_if . rightbracket
   70             | . IF '(' expresii ')' leftbracket declaratii_if rightbracket ELSE leftbracket declaratii_if rightbracket
   70             | IF '(' expresii ')' leftbracket declaratii_if . rightbracket ELSE leftbracket declaratii_if rightbracket
   71 declaratii_if: declaratii_if . declaratie_if
   73 declaratie_if: . declaratii_comune
   74              | . if_statement

    CONSTANT      shift, and go to state 1
    IF            shift, and go to state 123
    RIGHTBRACKET  shift, and go to state 65
    TYPE          shift, and go to state 124
    ID            shift, and go to state 4

    rightbracket       go to state 148
    declaratii_comune  go to state 144
    if_statement       go to state 145
    declaratie_if      go to state 149


state 147

   72 declaratii_if: declaratie_if .

    $default  reduce using rule 72 (declaratii_if)


state 148

   69 if_statement: IF '(' expresii ')' leftbracket declaratii_if rightbracket .  [CONSTANT, IF, RIGHTBRACKET, TYPE, ID]
   70             | IF '(' expresii ')' leftbracket declaratii_if rightbracket . ELSE leftbracket declaratii_if rightbracket

    ELSE  shift, and go to state 150

    $default  reduce using rule 69 (if_statement)


state 149

   71 declaratii_if: declaratii_if declaratie_if .

    $default  reduce using rule 71 (declaratii_if)


state 150

    5 leftbracket: . LEFTBRACKET
   70 if_statement: IF '(' expresii ')' leftbracket declaratii_if rightbracket ELSE . leftbracket declaratii_if rightbracket

    LEFTBRACKET  shift, and go to state 18

    leftbracket  go to state 151


state 151

   11 declaratii_comune: . TYPE ID ';'
   12                  | . TYPE ID ASSIGN expresii ';'
   13                  | . TYPE '[' NUMBER ']' ID ';'
   14                  | . TYPE '[' NUMBER ']' ID ASSIGN ID ';'
   15                  | . ID ASSIGN expresii ';'
   16                  | . ID '[' NUMBER ']' ASSIGN expresii ';'
   17                  | . CONSTANT TYPE ID ASSIGN expresii ';'
   18                  | . CONSTANT TYPE ID ASSIGN ID ';'
   69 if_statement: . IF '(' expresii ')' leftbracket declaratii_if rightbracket
   70             | . IF '(' expresii ')' leftbracket declaratii_if rightbracket ELSE leftbracket declaratii_if rightbracket
   70             | IF '(' expresii ')' leftbracket declaratii_if rightbracket ELSE leftbracket . declaratii_if rightbracket
   71 declaratii_if: . declaratii_if declaratie_if
   72              | . declaratie_if
   73 declaratie_if: . declaratii_comune
   74              | . if_statement

    CONSTANT  shift, and go to state 1
    IF        shift, and go to state 123
    TYPE      shift, and go to state 124
    ID        shift, and go to state 4

    declaratii_comune  go to state 144
    if_statement       go to state 145
    declaratii_if      go to state 152
    declaratie_if      go to state 147


state 152

    6 rightbracket: . RIGHTBRACKET
   11 declaratii_comune: . TYPE ID ';'
   12                  | . TYPE ID ASSIGN expresii ';'
   13                  | . TYPE '[' NUMBER ']' ID ';'
   14                  | . TYPE '[' NUMBER ']' ID ASSIGN ID ';'
   15                  | . ID ASSIGN expresii ';'
   16                  | . ID '[' NUMBER ']' ASSIGN expresii ';'
   17                  | . CONSTANT TYPE ID ASSIGN expresii ';'
   18                  | . CONSTANT TYPE ID ASSIGN ID ';'
   69 if_statement: . IF '(' expresii ')' leftbracket declaratii_if rightbracket
   70             | . IF '(' expresii ')' leftbracket declaratii_if rightbracket ELSE leftbracket declaratii_if rightbracket
   70             | IF '(' expresii ')' leftbracket declaratii_if rightbracket ELSE leftbracket declaratii_if . rightbracket
   71 declaratii_if: declaratii_if . declaratie_if
   73 declaratie_if: . declaratii_comune
   74              | . if_statement

    CONSTANT      shift, and go to state 1
    IF            shift, and go to state 123
    RIGHTBRACKET  shift, and go to state 65
    TYPE          shift, and go to state 124
    ID            shift, and go to state 4

    rightbracket       go to state 153
    declaratii_comune  go to state 144
    if_statement       go to state 145
    declaratie_if      go to state 149


state 153

   70 if_statement: IF '(' expresii ')' leftbracket declaratii_if rightbracket ELSE leftbracket declaratii_if rightbracket .

    $default  reduce using rule 70 (if_statement)
